#
# There is insufficient memory for the Java Runtime Environment to continue.
# Native memory allocation (malloc) failed to allocate 320176 bytes for Chunk::new
# Possible reasons:
#   The system is out of physical RAM or swap space
#   The process is running with CompressedOops enabled, and the Java Heap may be blocking the growth of the native heap
# Possible solutions:
#   Reduce memory load on the system
#   Increase physical memory or swap space
#   Check if swap backing store is full
#   Decrease Java heap size (-Xmx/-Xms)
#   Decrease number of Java threads
#   Decrease Java thread stack sizes (-Xss)
#   Set larger code cache with -XX:ReservedCodeCacheSize=
#   JVM is running with Unscaled Compressed Oops mode in which the Java heap is
#     placed in the first 4GB address space. The Java Heap base address is the
#     maximum limit for the native heap growth. Please use -XX:HeapBaseMinAddress
#     to set the Java Heap base and to place the Java Heap above 4GB virtual address.
# This output file may be truncated or incomplete.
#
#  Out of Memory Error (arena.cpp:184), pid=6932, tid=8116
#
# JRE version: Java(TM) SE Runtime Environment (18.0.1.1+2) (build 18.0.1.1+2-6)
# Java VM: Java HotSpot(TM) 64-Bit Server VM (18.0.1.1+2-6, mixed mode, sharing, tiered, compressed oops, compressed class ptrs, g1 gc, windows-amd64)
# No core dump will be written. Minidumps are not enabled by default on client versions of Windows
#

---------------  S U M M A R Y ------------

Command Line: -Dfile.encoding=UTF-8 -XX:+ShowCodeDetailsInExceptionMessages test_package.action

Host: Intel(R) Core(TM) i5-2520M CPU @ 2.50GHz, 4 cores, 3G,  Windows 10 , 64 bit Build 19041 (10.0.19041.928)
Time: Fri Sep 23 17:09:39 2022 India Standard Time elapsed time: 1.612991 seconds (0d 0h 0m 1s)

---------------  T H R E A D  ---------------

Current thread (0x000001b71dcbc740):  JavaThread "C2 CompilerThread0" daemon [_thread_in_native, id=8116, stack(0x0000005c3b000000,0x0000005c3b100000)]


Current CompileTask:
C2:   1613  965       4       java.util.jar.JarFile::getEntry (35 bytes)

Stack: [0x0000005c3b000000,0x0000005c3b100000]
Native frames: (J=compiled Java code, j=interpreted, Vv=VM code, C=native code)
V  [jvm.dll+0x69887a]
V  [jvm.dll+0x7f38bd]
V  [jvm.dll+0x7f51ce]
V  [jvm.dll+0x7f5883]
V  [jvm.dll+0x25ca3f]
V  [jvm.dll+0xb8c2f]
V  [jvm.dll+0xb8fa5]
V  [jvm.dll+0x385a31]
V  [jvm.dll+0x34f811]
V  [jvm.dll+0x34ecaa]
V  [jvm.dll+0x22fc21]
V  [jvm.dll+0x22eff1]
V  [jvm.dll+0x1b9cfc]
V  [jvm.dll+0x23e8ca]
V  [jvm.dll+0x23cbb5]
V  [jvm.dll+0x7a5fb1]
V  [jvm.dll+0x7a03ea]
V  [jvm.dll+0x697725]
C  [ucrtbase.dll+0x21bb2]
C  [KERNEL32.DLL+0x17034]
C  [ntdll.dll+0x52651]


---------------  P R O C E S S  ---------------

Threads class SMR info:
_java_thread_list=0x000001b73f7e81c0, length=12, elements={
0x000001b71dbfbd00, 0x000001b71dc99320, 0x000001b71dc9a5b0, 0x000001b71dcac060,
0x000001b71dcaf630, 0x000001b71dcb0c60, 0x000001b71dcbb580, 0x000001b71dcbc740,
0x000001b71dcbd610, 0x000001b71dcbe2b0, 0x000001b73f050f10, 0x000001b73f0513e0
}

Java Threads: ( => current thread )
  0x000001b71dbfbd00 JavaThread "main" [_thread_in_vm, id=15712, stack(0x0000005c3a300000,0x0000005c3a400000)]
  0x000001b71dc99320 JavaThread "Reference Handler" daemon [_thread_blocked, id=16380, stack(0x0000005c3aa00000,0x0000005c3ab00000)]
  0x000001b71dc9a5b0 JavaThread "Finalizer" daemon [_thread_blocked, id=8656, stack(0x0000005c3ab00000,0x0000005c3ac00000)]
  0x000001b71dcac060 JavaThread "Signal Dispatcher" daemon [_thread_blocked, id=11248, stack(0x0000005c3ac00000,0x0000005c3ad00000)]
  0x000001b71dcaf630 JavaThread "Attach Listener" daemon [_thread_blocked, id=7064, stack(0x0000005c3ad00000,0x0000005c3ae00000)]
  0x000001b71dcb0c60 JavaThread "Service Thread" daemon [_thread_blocked, id=14124, stack(0x0000005c3ae00000,0x0000005c3af00000)]
  0x000001b71dcbb580 JavaThread "Monitor Deflation Thread" daemon [_thread_blocked, id=13904, stack(0x0000005c3af00000,0x0000005c3b000000)]
=>0x000001b71dcbc740 JavaThread "C2 CompilerThread0" daemon [_thread_in_native, id=8116, stack(0x0000005c3b000000,0x0000005c3b100000)]
  0x000001b71dcbd610 JavaThread "C1 CompilerThread0" daemon [_thread_blocked, id=14860, stack(0x0000005c3b100000,0x0000005c3b200000)]
  0x000001b71dcbe2b0 JavaThread "Sweeper thread" daemon [_thread_blocked, id=12220, stack(0x0000005c3b200000,0x0000005c3b300000)]
  0x000001b73f050f10 JavaThread "Notification Thread" daemon [_thread_blocked, id=16144, stack(0x0000005c3b300000,0x0000005c3b400000)]
  0x000001b73f0513e0 JavaThread "Common-Cleaner" daemon [_thread_blocked, id=1872, stack(0x0000005c3b500000,0x0000005c3b600000)]

Other Threads:
  0x000001b71dc4b110 VMThread "VM Thread" [stack: 0x0000005c3a900000,0x0000005c3aa00000] [id=16372]
  0x000001b73f059300 WatcherThread "VM Periodic Task Thread" [stack: 0x0000005c3b400000,0x0000005c3b500000] [id=8540]
  0x000001b71dc3a4a0 WorkerThread "GC Thread#0" [stack: 0x0000005c3a400000,0x0000005c3a500000] [id=912]
  0x000001b73f5e30c0 WorkerThread "GC Thread#1" [stack: 0x0000005c3b700000,0x0000005c3b800000] [id=10808]
  0x000001b73f776c70 WorkerThread "GC Thread#2" [stack: 0x0000005c3b800000,0x0000005c3b900000] [id=7728]
  0x000001b73f64df40 WorkerThread "GC Thread#3" [stack: 0x0000005c3b900000,0x0000005c3ba00000] [id=13064]
  0x000001b71dc42f30 ConcurrentGCThread "G1 Main Marker" [stack: 0x0000005c3a500000,0x0000005c3a600000] [id=12352]
  0x000001b71dc44930 WorkerThread "G1 Conc#0" [stack: 0x0000005c3a600000,0x0000005c3a700000] [id=6036]
  0x000001b71dc6f3f0 ConcurrentGCThread "G1 Refine#0" [stack: 0x0000005c3a700000,0x0000005c3a800000] [id=11136]
  0x000001b71dc6fd00 ConcurrentGCThread "G1 Service" [stack: 0x0000005c3a800000,0x0000005c3a900000] [id=1352]

Threads with active compile tasks:
C2 CompilerThread0     1899  965       4       java.util.jar.JarFile::getEntry (35 bytes)

VM state: not at safepoint (normal execution)

VM Mutex/Monitor currently owned by a thread: None

Heap address: 0x00000000c6200000, size: 926 MB, Compressed Oops mode: 32-bit

CDS archive(s) mapped at: [0x0000000800000000-0x0000000800ba0000-0x0000000800ba0000), size 12189696, SharedBaseAddress: 0x0000000800000000, ArchiveRelocationMode: 0.
Compressed class space mapped at: 0x0000000800c00000-0x0000000840c00000, reserved size: 1073741824
Narrow klass base: 0x0000000800000000, Narrow klass shift: 0, Narrow klass range: 0x100000000

GC Precious Log:
 CardTable entry size: 512
 Card Set container configuration: InlinePtr #cards 5 size 8 Array Of Cards #cards 12 size 40 Howl #buckets 4 coarsen threshold 1843 Howl Bitmap #cards 512 size 80 coarsen threshold 460 Card regions per heap region 1 cards per card region 2048
 CPUs: 4 total, 4 available
 Memory: 3696M
 Large Page Support: Disabled
 NUMA Support: Disabled
 Compressed Oops: Enabled (32-bit)
 Heap Region Size: 1M
 Heap Min Capacity: 8M
 Heap Initial Capacity: 58M
 Heap Max Capacity: 926M
 Pre-touch: Disabled
 Parallel Workers: 4
 Concurrent Workers: 1
 Concurrent Refinement Workers: 4
 Periodic GC: Disabled

Heap:
 garbage-first heap   total 59392K, used 9928K [0x00000000c6200000, 0x0000000100000000)
  region size 1024K, 7 young (7168K), 2 survivors (2048K)
 Metaspace       used 4789K, committed 4928K, reserved 1114112K
  class space    used 468K, committed 512K, reserved 1048576K

Heap Regions: E=young(eden), S=young(survivor), O=old, HS=humongous(starts), HC=humongous(continues), CS=collection set, F=free, OA=open archive, CA=closed archive, TAMS=top-at-mark-start (previous, next)
|   0|0x00000000c6200000, 0x00000000c6300000, 0x00000000c6300000|100%| O|  |TAMS 0x00000000c6200000, 0x00000000c6200000| Untracked 
|   1|0x00000000c6300000, 0x00000000c6400000, 0x00000000c6400000|100%| O|  |TAMS 0x00000000c6300000, 0x00000000c6300000| Untracked 
|   2|0x00000000c6400000, 0x00000000c6500000, 0x00000000c6500000|100%| O|  |TAMS 0x00000000c6400000, 0x00000000c6400000| Untracked 
|   3|0x00000000c6500000, 0x00000000c65b2000, 0x00000000c6600000| 69%| O|  |TAMS 0x00000000c6500000, 0x00000000c6500000| Untracked 
|   4|0x00000000c6600000, 0x00000000c6600000, 0x00000000c6700000|  0%| F|  |TAMS 0x00000000c6600000, 0x00000000c6600000| Untracked 
|   5|0x00000000c6700000, 0x00000000c6700000, 0x00000000c6800000|  0%| F|  |TAMS 0x00000000c6700000, 0x00000000c6700000| Untracked 
|   6|0x00000000c6800000, 0x00000000c6800000, 0x00000000c6900000|  0%| F|  |TAMS 0x00000000c6800000, 0x00000000c6800000| Untracked 
|   7|0x00000000c6900000, 0x00000000c6900000, 0x00000000c6a00000|  0%| F|  |TAMS 0x00000000c6900000, 0x00000000c6900000| Untracked 
|   8|0x00000000c6a00000, 0x00000000c6a00000, 0x00000000c6b00000|  0%| F|  |TAMS 0x00000000c6a00000, 0x00000000c6a00000| Untracked 
|   9|0x00000000c6b00000, 0x00000000c6b00000, 0x00000000c6c00000|  0%| F|  |TAMS 0x00000000c6b00000, 0x00000000c6b00000| Untracked 
|  10|0x00000000c6c00000, 0x00000000c6c00000, 0x00000000c6d00000|  0%| F|  |TAMS 0x00000000c6c00000, 0x00000000c6c00000| Untracked 
|  11|0x00000000c6d00000, 0x00000000c6d00000, 0x00000000c6e00000|  0%| F|  |TAMS 0x00000000c6d00000, 0x00000000c6d00000| Untracked 
|  12|0x00000000c6e00000, 0x00000000c6e00000, 0x00000000c6f00000|  0%| F|  |TAMS 0x00000000c6e00000, 0x00000000c6e00000| Untracked 
|  13|0x00000000c6f00000, 0x00000000c6f00000, 0x00000000c7000000|  0%| F|  |TAMS 0x00000000c6f00000, 0x00000000c6f00000| Untracked 
|  14|0x00000000c7000000, 0x00000000c7000000, 0x00000000c7100000|  0%| F|  |TAMS 0x00000000c7000000, 0x00000000c7000000| Untracked 
|  15|0x00000000c7100000, 0x00000000c7100000, 0x00000000c7200000|  0%| F|  |TAMS 0x00000000c7100000, 0x00000000c7100000| Untracked 
|  16|0x00000000c7200000, 0x00000000c7200000, 0x00000000c7300000|  0%| F|  |TAMS 0x00000000c7200000, 0x00000000c7200000| Untracked 
|  17|0x00000000c7300000, 0x00000000c7300000, 0x00000000c7400000|  0%| F|  |TAMS 0x00000000c7300000, 0x00000000c7300000| Untracked 
|  18|0x00000000c7400000, 0x00000000c7400000, 0x00000000c7500000|  0%| F|  |TAMS 0x00000000c7400000, 0x00000000c7400000| Untracked 
|  19|0x00000000c7500000, 0x00000000c7500000, 0x00000000c7600000|  0%| F|  |TAMS 0x00000000c7500000, 0x00000000c7500000| Untracked 
|  20|0x00000000c7600000, 0x00000000c7600000, 0x00000000c7700000|  0%| F|  |TAMS 0x00000000c7600000, 0x00000000c7600000| Untracked 
|  21|0x00000000c7700000, 0x00000000c7700000, 0x00000000c7800000|  0%| F|  |TAMS 0x00000000c7700000, 0x00000000c7700000| Untracked 
|  22|0x00000000c7800000, 0x00000000c7800000, 0x00000000c7900000|  0%| F|  |TAMS 0x00000000c7800000, 0x00000000c7800000| Untracked 
|  23|0x00000000c7900000, 0x00000000c7900000, 0x00000000c7a00000|  0%| F|  |TAMS 0x00000000c7900000, 0x00000000c7900000| Untracked 
|  24|0x00000000c7a00000, 0x00000000c7a00000, 0x00000000c7b00000|  0%| F|  |TAMS 0x00000000c7a00000, 0x00000000c7a00000| Untracked 
|  25|0x00000000c7b00000, 0x00000000c7b00000, 0x00000000c7c00000|  0%| F|  |TAMS 0x00000000c7b00000, 0x00000000c7b00000| Untracked 
|  26|0x00000000c7c00000, 0x00000000c7c00000, 0x00000000c7d00000|  0%| F|  |TAMS 0x00000000c7c00000, 0x00000000c7c00000| Untracked 
|  27|0x00000000c7d00000, 0x00000000c7d00000, 0x00000000c7e00000|  0%| F|  |TAMS 0x00000000c7d00000, 0x00000000c7d00000| Untracked 
|  28|0x00000000c7e00000, 0x00000000c7e00000, 0x00000000c7f00000|  0%| F|  |TAMS 0x00000000c7e00000, 0x00000000c7e00000| Untracked 
|  29|0x00000000c7f00000, 0x00000000c7f00000, 0x00000000c8000000|  0%| F|  |TAMS 0x00000000c7f00000, 0x00000000c7f00000| Untracked 
|  30|0x00000000c8000000, 0x00000000c8000000, 0x00000000c8100000|  0%| F|  |TAMS 0x00000000c8000000, 0x00000000c8000000| Untracked 
|  31|0x00000000c8100000, 0x00000000c8100000, 0x00000000c8200000|  0%| F|  |TAMS 0x00000000c8100000, 0x00000000c8100000| Untracked 
|  32|0x00000000c8200000, 0x00000000c8200000, 0x00000000c8300000|  0%| F|  |TAMS 0x00000000c8200000, 0x00000000c8200000| Untracked 
|  33|0x00000000c8300000, 0x00000000c8300000, 0x00000000c8400000|  0%| F|  |TAMS 0x00000000c8300000, 0x00000000c8300000| Untracked 
|  34|0x00000000c8400000, 0x00000000c8400000, 0x00000000c8500000|  0%| F|  |TAMS 0x00000000c8400000, 0x00000000c8400000| Untracked 
|  35|0x00000000c8500000, 0x00000000c8500000, 0x00000000c8600000|  0%| F|  |TAMS 0x00000000c8500000, 0x00000000c8500000| Untracked 
|  36|0x00000000c8600000, 0x00000000c8600000, 0x00000000c8700000|  0%| F|  |TAMS 0x00000000c8600000, 0x00000000c8600000| Untracked 
|  37|0x00000000c8700000, 0x00000000c8700000, 0x00000000c8800000|  0%| F|  |TAMS 0x00000000c8700000, 0x00000000c8700000| Untracked 
|  38|0x00000000c8800000, 0x00000000c8800000, 0x00000000c8900000|  0%| F|  |TAMS 0x00000000c8800000, 0x00000000c8800000| Untracked 
|  39|0x00000000c8900000, 0x00000000c8900000, 0x00000000c8a00000|  0%| F|  |TAMS 0x00000000c8900000, 0x00000000c8900000| Untracked 
|  40|0x00000000c8a00000, 0x00000000c8a00000, 0x00000000c8b00000|  0%| F|  |TAMS 0x00000000c8a00000, 0x00000000c8a00000| Untracked 
|  41|0x00000000c8b00000, 0x00000000c8b00000, 0x00000000c8c00000|  0%| F|  |TAMS 0x00000000c8b00000, 0x00000000c8b00000| Untracked 
|  42|0x00000000c8c00000, 0x00000000c8c00000, 0x00000000c8d00000|  0%| F|  |TAMS 0x00000000c8c00000, 0x00000000c8c00000| Untracked 
|  43|0x00000000c8d00000, 0x00000000c8e00000, 0x00000000c8e00000|100%| S|CS|TAMS 0x00000000c8d00000, 0x00000000c8d00000| Complete 
|  44|0x00000000c8e00000, 0x00000000c8f00000, 0x00000000c8f00000|100%| S|CS|TAMS 0x00000000c8e00000, 0x00000000c8e00000| Complete 
|  45|0x00000000c8f00000, 0x00000000c8f00000, 0x00000000c9000000|  0%| F|  |TAMS 0x00000000c8f00000, 0x00000000c8f00000| Untracked 
|  46|0x00000000c9000000, 0x00000000c9000000, 0x00000000c9100000|  0%| F|  |TAMS 0x00000000c9000000, 0x00000000c9000000| Untracked 
|  47|0x00000000c9100000, 0x00000000c9100000, 0x00000000c9200000|  0%| F|  |TAMS 0x00000000c9100000, 0x00000000c9100000| Untracked 
|  48|0x00000000c9200000, 0x00000000c9200000, 0x00000000c9300000|  0%| F|  |TAMS 0x00000000c9200000, 0x00000000c9200000| Untracked 
|  49|0x00000000c9300000, 0x00000000c9300000, 0x00000000c9400000|  0%| F|  |TAMS 0x00000000c9300000, 0x00000000c9300000| Untracked 
|  50|0x00000000c9400000, 0x00000000c9400000, 0x00000000c9500000|  0%| F|  |TAMS 0x00000000c9400000, 0x00000000c9400000| Untracked 
|  51|0x00000000c9500000, 0x00000000c9500000, 0x00000000c9600000|  0%| F|  |TAMS 0x00000000c9500000, 0x00000000c9500000| Untracked 
|  52|0x00000000c9600000, 0x00000000c9600000, 0x00000000c9700000|  0%| F|  |TAMS 0x00000000c9600000, 0x00000000c9600000| Untracked 
|  53|0x00000000c9700000, 0x00000000c97e6190, 0x00000000c9800000| 89%| E|  |TAMS 0x00000000c9700000, 0x00000000c9700000| Complete 
|  54|0x00000000c9800000, 0x00000000c9900000, 0x00000000c9900000|100%| E|CS|TAMS 0x00000000c9800000, 0x00000000c9800000| Complete 
|  55|0x00000000c9900000, 0x00000000c9a00000, 0x00000000c9a00000|100%| E|CS|TAMS 0x00000000c9900000, 0x00000000c9900000| Complete 
|  56|0x00000000c9a00000, 0x00000000c9b00000, 0x00000000c9b00000|100%| E|CS|TAMS 0x00000000c9a00000, 0x00000000c9a00000| Complete 
|  57|0x00000000c9b00000, 0x00000000c9c00000, 0x00000000c9c00000|100%| E|CS|TAMS 0x00000000c9b00000, 0x00000000c9b00000| Complete 

Card table byte_map: [0x000001b736510000,0x000001b7366e0000] _byte_map_base: 0x000001b735edf000

Marking Bits (Prev, Next): (CMBitMap*) 0x000001b71dc3aaa0, (CMBitMap*) 0x000001b71dc3aae0
 Prev Bits: [0x000001b7368b0000, 0x000001b737728000)
 Next Bits: [0x000001b737730000, 0x000001b7385a8000)

Polling page: 0x000001b71dcc0000

Metaspace:

Usage:
  Non-class:      4.22 MB used.
      Class:    468.46 KB used.
       Both:      4.68 MB used.

Virtual space:
  Non-class space:       64.00 MB reserved,       4.31 MB (  7%) committed,  1 nodes.
      Class space:        1.00 GB reserved,     512.00 KB ( <1%) committed,  1 nodes.
             Both:        1.06 GB reserved,       4.81 MB ( <1%) committed. 

Chunk freelists:
   Non-Class:  3.28 MB
       Class:  3.50 MB
        Both:  6.78 MB

MaxMetaspaceSize: unlimited
CompressedClassSpaceSize: 1.00 GB
Initial GC threshold: 21.00 MB
Current GC threshold: 21.00 MB
CDS: on
MetaspaceReclaimPolicy: balanced
 - commit_granule_bytes: 65536.
 - commit_granule_words: 8192.
 - virtual_space_node_default_size: 8388608.
 - enlarge_chunks_in_place: 1.
 - new_chunks_are_fully_committed: 0.
 - uncommit_free_chunks: 1.
 - use_allocation_guard: 0.


Internal statistics:

num_allocs_failed_limit: 0.
num_arena_births: 28.
num_arena_deaths: 0.
num_vsnodes_births: 2.
num_vsnodes_deaths: 0.
num_space_committed: 77.
num_space_uncommitted: 0.
num_chunks_returned_to_freelist: 0.
num_chunks_taken_from_freelist: 72.
num_chunk_merges: 0.
num_chunk_splits: 47.
num_chunks_enlarged: 40.
num_inconsistent_stats: 0.

CodeHeap 'non-profiled nmethods': size=120000Kb used=336Kb max_used=336Kb free=119663Kb
 bounds [0x000001b72e7d0000, 0x000001b72ea40000, 0x000001b735d00000]
CodeHeap 'profiled nmethods': size=120000Kb used=1772Kb max_used=1772Kb free=118228Kb
 bounds [0x000001b7272a0000, 0x000001b727510000, 0x000001b72e7d0000]
CodeHeap 'non-nmethods': size=5760Kb used=1156Kb max_used=1181Kb free=4603Kb
 bounds [0x000001b726d00000, 0x000001b726f70000, 0x000001b7272a0000]
 total_blobs=1424 nmethods=990 adapters=347
 compilation: enabled
              stopped_count=0, restarted_count=0
 full_count=0

Compilation events (20 events):
Event: 1.523 Thread 0x000001b71dcbd610  966       3       java.lang.ClassLoader::loadClass (7 bytes)
Event: 1.523 Thread 0x000001b71dcbd610 nmethod 966 0x000001b727448790 code [0x000001b727448940, 0x000001b727448b08]
Event: 1.523 Thread 0x000001b71dcbd610  967       3       jdk.internal.loader.BuiltinClassLoader::loadClass (22 bytes)
Event: 1.523 Thread 0x000001b71dcbd610 nmethod 967 0x000001b727448b90 code [0x000001b727448d40, 0x000001b727448ff8]
Event: 1.524 Thread 0x000001b71dcbd610  968       3       java.util.ArrayDeque::add (7 bytes)
Event: 1.524 Thread 0x000001b71dcbd610 nmethod 968 0x000001b727449110 code [0x000001b7274492c0, 0x000001b727449408]
Event: 1.525 Thread 0x000001b71dcbd610  969       3       java.util.ArrayDeque::addLast (51 bytes)
Event: 1.525 Thread 0x000001b71dcbd610 nmethod 969 0x000001b727449490 code [0x000001b727449660, 0x000001b727449b38]
Event: 1.531 Thread 0x000001b71dcbd610  970       3       java.io.File::exists (34 bytes)
Event: 1.532 Thread 0x000001b71dcbd610 nmethod 970 0x000001b727449d10 code [0x000001b727449ee0, 0x000001b72744a2f8]
Event: 1.532 Thread 0x000001b71dcbd610  972       3       java.lang.System$2::newStringUTF8NoRepl (7 bytes)
Event: 1.532 Thread 0x000001b71dcbd610 nmethod 972 0x000001b72744a490 code [0x000001b72744a620, 0x000001b72744a768]
Event: 1.532 Thread 0x000001b71dcbd610  973       3       java.lang.String::newStringUTF8NoRepl (276 bytes)
Event: 1.534 Thread 0x000001b71dcbd610 nmethod 973 0x000001b72744a810 code [0x000001b72744aae0, 0x000001b72744bc48]
Event: 1.554 Thread 0x000001b71dcbc740 nmethod 964 0x000001b72e820a90 code [0x000001b72e820d80, 0x000001b72e822898]
Event: 1.554 Thread 0x000001b71dcbc740  971       4       java.lang.StringLatin1::indexOf (121 bytes)
Event: 1.562 Thread 0x000001b71dcbc740 nmethod 971 0x000001b72e823790 code [0x000001b72e823920, 0x000001b72e823e18]
Event: 1.562 Thread 0x000001b71dcbc740  965       4       java.util.jar.JarFile::getEntry (35 bytes)
Event: 1.565 Thread 0x000001b71dcbd610  974       3       java.util.zip.ZipUtils::LOCSIG (6 bytes)
Event: 1.565 Thread 0x000001b71dcbd610 nmethod 974 0x000001b72744c210 code [0x000001b72744c3c0, 0x000001b72744c698]

GC Heap History (2 events):
Event: 0.666 GC heap before
{Heap before GC invocations=0 (full 0):
 garbage-first heap   total 59392K, used 12288K [0x00000000c6200000, 0x0000000100000000)
  region size 1024K, 13 young (13312K), 0 survivors (0K)
 Metaspace       used 2869K, committed 2944K, reserved 1114112K
  class space    used 267K, committed 320K, reserved 1048576K
}
Event: 0.674 GC heap after
{Heap after GC invocations=1 (full 0):
 garbage-first heap   total 59392K, used 5832K [0x00000000c6200000, 0x0000000100000000)
  region size 1024K, 2 young (2048K), 2 survivors (2048K)
 Metaspace       used 2869K, committed 2944K, reserved 1114112K
  class space    used 267K, committed 320K, reserved 1048576K
}

Deoptimization events (20 events):
Event: 0.421 Thread 0x000001b71dbfbd00 DEOPT PACKING pc=0x000001b72e7d9be4 sp=0x0000005c3a3fed30
Event: 0.421 Thread 0x000001b71dbfbd00 DEOPT UNPACKING pc=0x000001b726d523a3 sp=0x0000005c3a3fecb8 mode 2
Event: 0.451 Thread 0x000001b71dbfbd00 Uncommon trap: trap_request=0xffffff45 fr.pc=0x000001b72e7e9b70 relative=0x00000000000001d0
Event: 0.451 Thread 0x000001b71dbfbd00 Uncommon trap: reason=unstable_if action=reinterpret pc=0x000001b72e7e9b70 method=java.lang.String.startsWith(Ljava/lang/String;I)Z @ 1 c2
Event: 0.451 Thread 0x000001b71dbfbd00 DEOPT PACKING pc=0x000001b72e7e9b70 sp=0x0000005c3a3fe5c0
Event: 0.451 Thread 0x000001b71dbfbd00 DEOPT UNPACKING pc=0x000001b726d523a3 sp=0x0000005c3a3fe528 mode 2
Event: 0.635 Thread 0x000001b71dbfbd00 DEOPT PACKING pc=0x000001b7272f40d0 sp=0x0000005c3a3fe390
Event: 0.635 Thread 0x000001b71dbfbd00 DEOPT UNPACKING pc=0x000001b726d52b43 sp=0x0000005c3a3fd860 mode 0
Event: 0.643 Thread 0x000001b71dbfbd00 DEOPT PACKING pc=0x000001b72736df3e sp=0x0000005c3a3fed20
Event: 0.644 Thread 0x000001b71dbfbd00 DEOPT UNPACKING pc=0x000001b726d52b43 sp=0x0000005c3a3fe1a0 mode 0
Event: 0.647 Thread 0x000001b71dbfbd00 DEOPT PACKING pc=0x000001b72736df3e sp=0x0000005c3a3fed20
Event: 0.647 Thread 0x000001b71dbfbd00 DEOPT UNPACKING pc=0x000001b726d52b43 sp=0x0000005c3a3fe1a0 mode 0
Event: 0.660 Thread 0x000001b71dbfbd00 Uncommon trap: trap_request=0xffffff45 fr.pc=0x000001b72e7f86e4 relative=0x00000000000003c4
Event: 0.660 Thread 0x000001b71dbfbd00 Uncommon trap: reason=unstable_if action=reinterpret pc=0x000001b72e7f86e4 method=java.lang.StringLatin1.newString([BII)Ljava/lang/String; @ 1 c2
Event: 0.660 Thread 0x000001b71dbfbd00 DEOPT PACKING pc=0x000001b72e7f86e4 sp=0x0000005c3a3fe390
Event: 0.660 Thread 0x000001b71dbfbd00 DEOPT UNPACKING pc=0x000001b726d523a3 sp=0x0000005c3a3fe358 mode 2
Event: 1.109 Thread 0x000001b71dbfbd00 DEOPT PACKING pc=0x000001b7272cc456 sp=0x0000005c3a3fe070
Event: 1.109 Thread 0x000001b71dbfbd00 DEOPT UNPACKING pc=0x000001b726d52b43 sp=0x0000005c3a3fd510 mode 0
Event: 1.532 Thread 0x000001b71dbfbd00 DEOPT PACKING pc=0x000001b7272e3ce5 sp=0x0000005c3a3fe8c0
Event: 1.532 Thread 0x000001b71dbfbd00 DEOPT UNPACKING pc=0x000001b726d52b43 sp=0x0000005c3a3fdd10 mode 0

Classes loaded (20 events):
Event: 1.422 Loading class sun/security/provider/SHA2$SHA256
Event: 1.422 Loading class sun/security/provider/SHA2
Event: 1.438 Loading class sun/security/provider/SHA2 done
Event: 1.438 Loading class sun/security/provider/SHA2$SHA256 done
Event: 1.483 Loading class javax/net/ssl/SSLHandshakeException
Event: 1.522 Loading class javax/net/ssl/SSLException
Event: 1.522 Loading class javax/net/ssl/SSLException done
Event: 1.522 Loading class javax/net/ssl/SSLHandshakeException done
Event: 1.522 Loading class java/net/Socket
Event: 1.523 Loading class java/net/Socket done
Event: 1.523 Loading class javax/net/ssl/SSLSocket
Event: 1.523 Loading class javax/net/ssl/SSLSocket done
Event: 1.525 Loading class sun/security/ssl/SSLSocketFactoryImpl
Event: 1.525 Loading class javax/net/ssl/SSLSocketFactory
Event: 1.526 Loading class javax/net/SocketFactory
Event: 1.531 Loading class javax/net/SocketFactory done
Event: 1.531 Loading class javax/net/ssl/SSLSocketFactory done
Event: 1.531 Loading class sun/security/ssl/SSLSocketFactoryImpl done
Event: 1.541 Loading class javax/net/ssl/SSLPeerUnverifiedException
Event: 1.553 Loading class javax/net/ssl/SSLPeerUnverifiedException done

Classes unloaded (0 events):
No events

Classes redefined (0 events):
No events

Internal exceptions (6 events):
Event: 0.344 Thread 0x000001b71dbfbd00 Exception <a 'java/lang/NoClassDefFoundError'{0x00000000c95d0ae0}: org/slf4j/impl/StaticLoggerBinder> (0x00000000c95d0ae0) 
thrown [s\open\src\hotspot\share\classfile\systemDictionary.cpp, line 244]
Event: 0.368 Thread 0x000001b71dbfbd00 Exception <a 'java/lang/NoSuchMethodError'{0x00000000c942ef38}: 'int java.lang.invoke.DirectMethodHandle$Holder.invokeSpecial(java.lang.Object, java.lang.Object, java.lang.Object)'> (0x00000000c942ef38) 
thrown [s\open\src\hotspot\share\interpreter\linkResolver.cpp, line 766]
Event: 0.779 Thread 0x000001b71dbfbd00 Exception <a 'sun/nio/fs/WindowsException'{0x00000000c99570d0}> (0x00000000c99570d0) 
thrown [s\open\src\hotspot\share\prims\jni.cpp, line 516]
Event: 0.804 Thread 0x000001b71dbfbd00 Exception <a 'java/lang/NoSuchMethodError'{0x00000000c997cb70}: 'java.lang.Object java.lang.invoke.DirectMethodHandle$Holder.invokeStaticInit(java.lang.Object)'> (0x00000000c997cb70) 
thrown [s\open\src\hotspot\share\interpreter\linkResolver.cpp, line 766]
Event: 1.072 Thread 0x000001b71dbfbd00 Exception <a 'java/lang/NoSuchMethodError'{0x00000000c98a6008}: 'java.lang.Object java.lang.invoke.DirectMethodHandle$Holder.invokeStaticInit(java.lang.Object, int, int, int, int)'> (0x00000000c98a6008) 
thrown [s\open\src\hotspot\share\interpreter\linkResolver.cpp, line 766]
Event: 1.420 Thread 0x000001b71dbfbd00 Exception <a 'java/lang/NoSuchMethodError'{0x00000000c9714598}: 'java.lang.Object java.lang.invoke.DirectMethodHandle$Holder.invokeStaticInit(java.lang.Object, java.lang.Object, int, int, int, int)'> (0x00000000c9714598) 
thrown [s\open\src\hotspot\share\interpreter\linkResolver.cpp, line 766]

VM Operations (12 events):
Event: 0.168 Executing VM operation: HandshakeAllThreads
Event: 0.168 Executing VM operation: HandshakeAllThreads done
Event: 0.414 Executing VM operation: HandshakeAllThreads
Event: 0.414 Executing VM operation: HandshakeAllThreads done
Event: 0.421 Executing VM operation: HandshakeAllThreads
Event: 0.421 Executing VM operation: HandshakeAllThreads done
Event: 0.538 Executing VM operation: HandshakeAllThreads
Event: 0.538 Executing VM operation: HandshakeAllThreads done
Event: 0.665 Executing VM operation: G1CollectForAllocation
Event: 0.674 Executing VM operation: G1CollectForAllocation done
Event: 1.266 Executing VM operation: HandshakeAllThreads
Event: 1.266 Executing VM operation: HandshakeAllThreads done

Events (20 events):
Event: 0.024 Thread 0x000001b71dbfbd00 Thread added: 0x000001b71dbfbd00
Event: 0.027 Thread 0x000001b71dc99320 Thread added: 0x000001b71dc99320
Event: 0.028 Thread 0x000001b71dc9a5b0 Thread added: 0x000001b71dc9a5b0
Event: 0.040 Thread 0x000001b71dcac060 Thread added: 0x000001b71dcac060
Event: 0.041 Thread 0x000001b71dcaf630 Thread added: 0x000001b71dcaf630
Event: 0.041 Thread 0x000001b71dcb0c60 Thread added: 0x000001b71dcb0c60
Event: 0.041 Thread 0x000001b71dcbb580 Thread added: 0x000001b71dcbb580
Event: 0.041 Thread 0x000001b71dcbc740 Thread added: 0x000001b71dcbc740
Event: 0.041 Thread 0x000001b71dcbd610 Thread added: 0x000001b71dcbd610
Event: 0.041 Thread 0x000001b71dcbe2b0 Thread added: 0x000001b71dcbe2b0
Event: 0.146 Thread 0x000001b73f050f10 Thread added: 0x000001b73f050f10
Event: 0.151 Thread 0x000001b73f0513e0 Thread added: 0x000001b73f0513e0
Event: 0.153 Loaded shared library C:\Program Files\Java\jdk-18.0.1.1\bin\verify.dll
Event: 0.160 Loaded shared library C:\Program Files\Java\jdk-18.0.1.1\bin\net.dll
Event: 0.162 Loaded shared library C:\Program Files\Java\jdk-18.0.1.1\bin\nio.dll
Event: 0.167 Loaded shared library C:\Program Files\Java\jdk-18.0.1.1\bin\zip.dll
Event: 0.230 Thread 0x000001b73f18f8e0 Thread added: 0x000001b73f18f8e0
Event: 0.337 Loaded shared library C:\Program Files\Java\jdk-18.0.1.1\bin\jimage.dll
Event: 0.500 Loaded shared library C:\Program Files\Java\jdk-18.0.1.1\bin\sunmscapi.dll
Event: 1.308 Thread 0x000001b73f18f8e0 Thread exited: 0x000001b73f18f8e0


Dynamic libraries:
0x00007ff797ef0000 - 0x00007ff797f00000 	C:\Program Files\Java\jdk-18.0.1.1\bin\javaw.exe
0x00007ffbd02f0000 - 0x00007ffbd04e5000 	C:\WINDOWS\SYSTEM32\ntdll.dll
0x00007ffbcec30000 - 0x00007ffbceced000 	C:\WINDOWS\System32\KERNEL32.DLL
0x00007ffbcdfa0000 - 0x00007ffbce268000 	C:\WINDOWS\System32\KERNELBASE.dll
0x00007ffbcddf0000 - 0x00007ffbcdef0000 	C:\WINDOWS\System32\ucrtbase.dll
0x00007ffbcace0000 - 0x00007ffbcacf8000 	C:\Program Files\Java\jdk-18.0.1.1\bin\jli.dll
0x00007ffbc5ac0000 - 0x00007ffbc5ada000 	C:\Program Files\Java\jdk-18.0.1.1\bin\VCRUNTIME140.dll
0x00007ffbcf210000 - 0x00007ffbcf2bc000 	C:\WINDOWS\System32\ADVAPI32.dll
0x00007ffbcf3f0000 - 0x00007ffbcf48e000 	C:\WINDOWS\System32\msvcrt.dll
0x00007ffbce820000 - 0x00007ffbce8bb000 	C:\WINDOWS\System32\sechost.dll
0x00007ffbce920000 - 0x00007ffbcea4b000 	C:\WINDOWS\System32\RPCRT4.dll
0x00007ffbd00b0000 - 0x00007ffbd0250000 	C:\WINDOWS\System32\USER32.dll
0x00007ffbce270000 - 0x00007ffbce292000 	C:\WINDOWS\System32\win32u.dll
0x00007ffbce7e0000 - 0x00007ffbce80a000 	C:\WINDOWS\System32\GDI32.dll
0x00007ffbbdec0000 - 0x00007ffbbe15a000 	C:\WINDOWS\WinSxS\amd64_microsoft.windows.common-controls_6595b64144ccf1df_6.0.19041.844_none_ca00b6081b84eb1d\COMCTL32.dll
0x00007ffbcda30000 - 0x00007ffbcdb3b000 	C:\WINDOWS\System32\gdi32full.dll
0x00007ffbcdd50000 - 0x00007ffbcdded000 	C:\WINDOWS\System32\msvcp_win.dll
0x00007ffbc8490000 - 0x00007ffbc849a000 	C:\WINDOWS\SYSTEM32\VERSION.dll
0x00007ffbceb30000 - 0x00007ffbceb60000 	C:\WINDOWS\System32\IMM32.DLL
0x00007ffbcb260000 - 0x00007ffbcb26c000 	C:\Program Files\Java\jdk-18.0.1.1\bin\vcruntime140_1.dll
0x00007ffbaa0d0000 - 0x00007ffbaa15d000 	C:\Program Files\Java\jdk-18.0.1.1\bin\msvcp140.dll
0x00007ffb7b860000 - 0x00007ffb7c470000 	C:\Program Files\Java\jdk-18.0.1.1\bin\server\jvm.dll
0x00007ffbcea50000 - 0x00007ffbcea58000 	C:\WINDOWS\System32\PSAPI.DLL
0x00007ffbc8810000 - 0x00007ffbc8819000 	C:\WINDOWS\SYSTEM32\WSOCK32.dll
0x00007ffbceac0000 - 0x00007ffbceb2b000 	C:\WINDOWS\System32\WS2_32.dll
0x00007ffbc1cd0000 - 0x00007ffbc1cf7000 	C:\WINDOWS\SYSTEM32\WINMM.dll
0x00007ffbcb980000 - 0x00007ffbcb992000 	C:\WINDOWS\SYSTEM32\kernel.appcore.dll
0x00007ffbc73a0000 - 0x00007ffbc73aa000 	C:\Program Files\Java\jdk-18.0.1.1\bin\jimage.dll
0x00007ffbc2150000 - 0x00007ffbc2334000 	C:\WINDOWS\SYSTEM32\DBGHELP.DLL
0x00007ffbc0730000 - 0x00007ffbc075c000 	C:\WINDOWS\SYSTEM32\dbgcore.DLL
0x00007ffbcdca0000 - 0x00007ffbcdd20000 	C:\WINDOWS\System32\bcryptPrimitives.dll
0x00007ffbc0360000 - 0x00007ffbc0385000 	C:\Program Files\Java\jdk-18.0.1.1\bin\java.dll
0x00007ffbb5330000 - 0x00007ffbb5406000 	C:\Program Files\Java\jdk-18.0.1.1\bin\jsvml.dll
0x00007ffbcf860000 - 0x00007ffbcffa2000 	C:\WINDOWS\System32\SHELL32.dll
0x00007ffbcbb80000 - 0x00007ffbcc310000 	C:\WINDOWS\SYSTEM32\windows.storage.dll
0x00007ffbcf500000 - 0x00007ffbcf855000 	C:\WINDOWS\System32\combase.dll
0x00007ffbcd4a0000 - 0x00007ffbcd4cc000 	C:\WINDOWS\SYSTEM32\Wldp.dll
0x00007ffbcecf0000 - 0x00007ffbced9e000 	C:\WINDOWS\System32\SHCORE.dll
0x00007ffbce8c0000 - 0x00007ffbce915000 	C:\WINDOWS\System32\shlwapi.dll
0x00007ffbcd970000 - 0x00007ffbcd98f000 	C:\WINDOWS\SYSTEM32\profapi.dll
0x00007ffbc4650000 - 0x00007ffbc4660000 	C:\Program Files\Java\jdk-18.0.1.1\bin\verify.dll
0x00007ffbc0300000 - 0x00007ffbc0313000 	C:\Program Files\Java\jdk-18.0.1.1\bin\net.dll
0x00007ffbc23f0000 - 0x00007ffbc24fb000 	C:\WINDOWS\SYSTEM32\WINHTTP.dll
0x00007ffbcd210000 - 0x00007ffbcd27a000 	C:\WINDOWS\system32\mswsock.dll
0x00007ffbbe790000 - 0x00007ffbbe7a6000 	C:\Program Files\Java\jdk-18.0.1.1\bin\nio.dll
0x00007ffbba9f0000 - 0x00007ffbbaa08000 	C:\Program Files\Java\jdk-18.0.1.1\bin\zip.dll
0x00007ffbc05e0000 - 0x00007ffbc05ee000 	C:\Program Files\Java\jdk-18.0.1.1\bin\sunmscapi.dll
0x00007ffbcdb40000 - 0x00007ffbcdc9f000 	C:\WINDOWS\System32\CRYPT32.dll
0x00007ffbcd510000 - 0x00007ffbcd537000 	C:\WINDOWS\SYSTEM32\ncrypt.dll
0x00007ffbcd4d0000 - 0x00007ffbcd50b000 	C:\WINDOWS\SYSTEM32\NTASN1.dll
0x00007ffbcd3e0000 - 0x00007ffbcd3f8000 	C:\WINDOWS\SYSTEM32\CRYPTSP.dll
0x00007ffbccb40000 - 0x00007ffbccb74000 	C:\WINDOWS\system32\rsaenh.dll
0x00007ffbcdd20000 - 0x00007ffbcdd47000 	C:\WINDOWS\System32\bcrypt.dll
0x00007ffbcd8f0000 - 0x00007ffbcd91e000 	C:\WINDOWS\SYSTEM32\USERENV.dll
0x00007ffbcd400000 - 0x00007ffbcd40c000 	C:\WINDOWS\SYSTEM32\CRYPTBASE.dll
0x00007ffbcceb0000 - 0x00007ffbcceeb000 	C:\WINDOWS\SYSTEM32\IPHLPAPI.DLL
0x00007ffbcf490000 - 0x00007ffbcf498000 	C:\WINDOWS\System32\NSI.dll
0x00007ffbc2da0000 - 0x00007ffbc2db7000 	C:\WINDOWS\SYSTEM32\dhcpcsvc6.DLL
0x00007ffbc2ea0000 - 0x00007ffbc2ebd000 	C:\WINDOWS\SYSTEM32\dhcpcsvc.DLL
0x00007ffbccf00000 - 0x00007ffbccfcc000 	C:\WINDOWS\SYSTEM32\DNSAPI.dll

dbghelp: loaded successfully - version: 4.0.5 - missing functions: none
symbol engine: initialized successfully - sym options: 0x614 - pdb path: .;C:\Program Files\Java\jdk-18.0.1.1\bin;C:\WINDOWS\SYSTEM32;C:\WINDOWS\WinSxS\amd64_microsoft.windows.common-controls_6595b64144ccf1df_6.0.19041.844_none_ca00b6081b84eb1d;C:\Program Files\Java\jdk-18.0.1.1\bin\server

VM Arguments:
jvm_args: -Dfile.encoding=UTF-8 -XX:+ShowCodeDetailsInExceptionMessages 
java_command: test_package.action
java_class_path (initial): C:\Users\Technomech\eclipse-workspace\Revolution_bug_spoteer\target\test-classes;C:\Users\Technomech\eclipse-workspace\Revolution_bug_spoteer\target\classes;C:\Users\Technomech\.m2\repository\org\seleniumhq\selenium\selenium-java\4.4.0\selenium-java-4.4.0.jar;C:\Users\Technomech\.m2\repository\org\seleniumhq\selenium\selenium-api\4.4.0\selenium-api-4.4.0.jar;C:\Users\Technomech\.m2\repository\org\seleniumhq\selenium\selenium-chrome-driver\4.4.0\selenium-chrome-driver-4.4.0.jar;C:\Users\Technomech\.m2\repository\com\google\auto\service\auto-service-annotations\1.0.1\auto-service-annotations-1.0.1.jar;C:\Users\Technomech\.m2\repository\com\google\auto\service\auto-service\1.0.1\auto-service-1.0.1.jar;C:\Users\Technomech\.m2\repository\com\google\auto\auto-common\1.2\auto-common-1.2.jar;C:\Users\Technomech\.m2\repository\com\google\guava\guava\31.1-jre\guava-31.1-jre.jar;C:\Users\Technomech\.m2\repository\com\google\guava\failureaccess\1.0.1\failureaccess-1.0.1.jar;C:\Users\Technomech\.m2\repository\com\google\guava\listenablefuture\9999.0-empty-to-avoid-conflict-with-guava\listenablefuture-9999.0-empty-to-avoid-conflict-with-guava.jar;C:\Users\Technomech\.m2\repository\com\google\code\findbugs\jsr305\3.0.2\jsr305-3.0.2.jar;C:\Users\Technomech\.m2\repository\org\checkerframework\checker-qual\3.12.0\checker-qual-3.12.0.jar;C:\Users\Technomech\.m2\repository\com\google\errorprone\error_prone_annotations\2.11.0\error_prone_annotations-2.11.0.jar;C:\Users\Technomech\.m2\repository\com\google\j2objc\j2objc-annotations\1.3\j2objc-annotations-1.3.jar;C:\Users\Technomech\.m2\repository\org\seleniumhq\selenium\selenium-chromium-driver\4.4.0\selenium-chromium-driver-4.4.0.jar;C:\Users\Technomech\.m2\repository\org\seleniumhq\selenium\selenium-json\4.4.0\selenium-json-4.4.0.jar;C:\Users\Technomech\.m2\repository\org\seleniumhq\selenium\selenium-devtools-v102\4.4.0\selenium-devtools-v102-4.4.0.jar;C:\Users\Technomech\.m2\repository\org\seleniumhq\selenium\selenium-devtools-v103\4.4.0\selenium-devtools-v103-4.4.0.jar;C:\Users\Technomech\.m2\repository\org\seleniumhq\selenium\selenium-devtools-v104\4.4.0\selenium-devtools-v104-4.4.0.jar;C:\Users\Technomech\.m2\repository\org\seleniumhq\selenium\selenium-devtools-v85\4.4.0\selenium-devtools-v85-4.4.0.jar;C:\Users\Technomech\.m2\repository\org\seleniumhq\selenium\selenium-edge-driver\4.4.0\selenium-edge-driver-4.4.0.jar;C:\Users\Technomech\.m2\repository\org\seleniumhq\selenium\selenium-firefox-driver\4.4.0\selenium-firefox-driver-4.4.0.jar;C:\Users\Technomech\.m2\repository\org\seleniumhq\selenium\selenium-ie-driver\4.4.0\selenium-ie-driver-4.4.0.jar;C:\Users\Technomech\.m2\repository\org\seleniumhq\selenium\selenium-opera-driver\4.4.0\selenium-opera-driver-4.4.0.jar;C:\Users\Technomech\.m2\repository\org\seleniumhq\selenium\selenium-remote-driver\4.4.0\selenium-remote-driver-4.4.0.jar;C:\Users\Technomech\.m2\repository\com\beust\jcommander\1.82\jcommander-1.82.jar;C:\Users\Technomech\.m2\repository\io\netty\netty-buffer\4.1.78.Final\netty-buffer-4.1.78.Final.jar;C:\Users\Technomech\.m2\repository\io\netty\netty-codec-http\4.1.78.Final\netty-codec-http-4.1.78.Final.jar;C:\Users\Technomech\.m2\repository\io\netty\netty-codec\4.1.78.Final\netty-codec-4.1.78.Final.jar;C:\Users\Technomech\.m2\repository\io\netty\netty-handler\4.1.78.Final\netty-handler-4.1.78.Final.jar;C:\Users\Technomech\.m2\repository\io\netty\netty-common\4.1.78.Final\netty-common-4.1.78.Final.jar;C:\Users\Technomech\.m2\repository\io\netty\netty-transport-classes-epoll\4.1.78.Final\netty-transport-classes-epoll-4.1.78.Final.jar;C:\Users\Technomech\.m2\repository\io\netty\netty-transport-classes-kqueue\4.1.78.Final\netty-transport-classes-kqueue-4.1.78.Final.jar;C:\Users\Technomech\.m2\repository\io\netty\netty-transport-native-epoll\4.1.78.Final\netty-transport-native-epoll-4.1.78.Final.jar;C:\Users\Technomech\.m2\repository\io\netty\netty-transport-native-kqueue\4.1.78.Final\netty-transport-native-kqueue-4.1.78.Final.jar;C:\Users\Technomech\.m2\repository\io\netty\netty-transport-native-unix-common\4.1.78.Final\netty-transport-native-unix-common-4.1.78.Final.jar;C:\Users\Technomech\.m2\repository\io\netty\netty-transport\4.1.78.Final\netty-transport-4.1.78.Final.jar;C:\Users\Technomech\.m2\repository\io\netty\netty-resolver\4.1.78.Final\netty-resolver-4.1.78.Final.jar;C:\Users\Technomech\.m2\repository\io\opentelemetry\opentelemetry-api\1.16.0\opentelemetry-api-1.16.0.jar;C:\Users\Technomech\.m2\repository\io\opentelemetry\opentelemetry-context\1.16.0\opentelemetry-context-1.16.0.jar;C:\Users\Technomech\.m2\repository\io\opentelemetry\opentelemetry-exporter-logging\1.16.0\opentelemetry-exporter-logging-1.16.0.jar;C:\Users\Technomech\.m2\repository\io\opentelemetry\opentelemetry-sdk-metrics\1.16.0\opentelemetry-sdk-metrics-1.16.0.jar;C:\Users\Technomech\.m2\repository\io\opentelemetry\opentelemetry-sdk-logs\1.16.0-alpha\opentelemetry-sdk-logs-1.16.0-alpha.jar;C:\Users\Technomech\.m2\repository\io\opentelemetry\opentelemetry-sdk-common\1.16.0\opentelemetry-sdk-common-1.16.0.jar;C:\Users\Technomech\.m2\repository\io\opentelemetry\opentelemetry-sdk-extension-autoconfigure-spi\1.16.0\opentelemetry-sdk-extension-autoconfigure-spi-1.16.0.jar;C:\Users\Technomech\.m2\repository\io\opentelemetry\opentelemetry-sdk-extension-autoconfigure\1.16.0-alpha\opentelemetry-sdk-extension-autoconfigure-1.16.0-alpha.jar;C:\Users\Technomech\.m2\repository\io\opentelemetry\opentelemetry-sdk-trace\1.16.0\opentelemetry-sdk-trace-1.16.0.jar;C:\Users\Technomech\.m2\repository\io\opentelemetry\opentelemetry-sdk\1.16.0\opentelemetry-sdk-1.16.0.jar;C:\Users\Technomech\.m2\repository\io\opentelemetry\opentelemetry-semconv\1.16.0-alpha\opentelemetry-semconv-1.16.0-alpha.jar;C:\Users\Technomech\.m2\repository\io\ous\jtoml\2.0.0\jtoml-2.0.0.jar;C:\Users\Technomech\.m2\repository\net\bytebuddy\byte-buddy\1.12.10\byte-buddy-1.12.10.jar;C:\Users\Technomech\.m2\repository\org\apache\commons\commons-exec\1.3\commons-exec-1.3.jar;C:\Users\Technomech\.m2\repository\org\asynchttpclient\async-http-client\2.12.3\async-http-client-2.12.3.jar;C:\Users\Technomech\.m2\repository\org\asynchttpclient\async-http-client-netty-utils\2.12.3\async-http-client-netty-utils-2.12.3.jar;C:\Users\Technomech\.m2\repository\io\netty\netty-codec-socks\4.1.60.Final\netty-codec-socks-4.1.60.Final.jar;C:\Users\Technomech\.m2\repository\io\netty\netty-handler-proxy\4.1.60.Final\netty-handler-proxy-4.1.60.Final.jar;C:\Users\Technomech\.m2\repository\io\netty\netty-transport-native-epoll\4.1.60.Final\netty-transport-native-epoll-4.1.60.Final-linux-x86_64.jar;C:\Users\Technomech\.m2\repository\io\netty\netty-transport-native-kqueue\4.1.60.Final\netty-transport-native-kqueue-4.1.60.Final-osx-x86_64.jar;C:\Users\Technomech\.m2\repository\org\reactivestreams\reactive-streams\1.0.3\reactive-streams-1.0.3.jar;C:\Users\Technomech\.m2\repository\com\typesafe\netty\netty-reactive-streams\2.0.4\netty-reactive-streams-2.0.4.jar;C:\Users\Technomech\.m2\repository\com\sun\activation\jakarta.activation\1.2.2\jakarta.activation-1.2.2.jar;C:\Users\Technomech\.m2\repository\org\seleniumhq\selenium\selenium-http\4.4.0\selenium-http-4.4.0.jar;C:\Users\Technomech\.m2\repository\dev\failsafe\failsafe\3.2.4\failsafe-3.2.4.jar;C:\Users\Technomech\.m2\repository\org\seleniumhq\selenium\selenium-safari-driver\4.4.0\selenium-safari-driver-4.4.0.jar;C:\Users\Technomech\.m2\repository\org\seleniumhq\selenium\selenium-support\4.4.0\selenium-support-4.4.0.jar;C:\Users\Technomech\.m2\repository\io\github\bonigarcia\webdrivermanager\5.3.0\webdrivermanager-5.3.0.jar;C:\Users\Technomech\.m2\repository\org\slf4j\slf4j-api\1.7.36\slf4j-api-1.7.36.jar;C:\Users\Technomech\.m2\repository\com\google\code\gson\gson\2.9.1\gson-2.9.1.jar;C:\Users\Technomech\.m2\repository\com\github\docker-java\docker-java\3.2.13\docker-java-3.2.13.jar;C:\Users\Technomech\.m2\repository\com\github\docker-java\docker-java-core\3.2.13\docker-java-core-3.2.13.jar;C:\Users\Technomech\.m2\repository\com\github\docker-java\docker-java-api\3.2.13\docker-java-api-3.2.13.jar;C:\Users\Technomech\.m2\repository\com\fasterxml\jackson\core\jackson-annotations\2.10.3\jackson-annotations-2.10.3.jar;C:\Users\Technomech\.m2\repository\commons-io\commons-io\2.6\commons-io-2.6.jar;C:\Users\Technomech\.m2\repository\org\apache\commons\commons-compress\1.21\commons-compress-1.21.jar;C:\Users\Technomech\.m2\repository\com\fasterxml\jackson\core\jackson-databind\2.10.3\jackson-databind-2.10.3.jar;C:\Users\Technomech\.m2\repository\com\fasterxml\jackson\core\jackson-core\2.10.3\jackson-core-2.10.3.jar;C:\Users\Technomech\.m2\repository\org\bouncycastle\bcpkix-jdk15on\1.64\bcpkix-jdk15on-1.64.jar;C:\Users\Technomech\.m2\repository\org\bouncycastle\bcprov-jdk15on\1.64\bcprov-jdk15on-1.64.jar;C:\Users\Technomech\.m2\repository\org\slf4j\jcl-over-slf4j\1.7.30\jcl-over-slf4j-1.7.30.jar;C:\Users\Technomech\.m2\repository\com\github\docker-java\docker-java-transport-httpclient5\3.2.13\docker-java-transport-httpclient5-3.2.13.jar;C:\Users\Technomech\.m2\repository\com\github\docker-java\docker-java-transport\3.2.13\docker-java-transport-3.2.13.jar;C:\Users\Technomech\.m2\repository\net\java\dev\jna\jna\5.8.0\jna-5.8.0.jar;C:\Users\Technomech\.m2\repository\org\brotli\dec\0.1.2\dec-0.1.2.jar;C:\Users\Technomech\.m2\repository\org\apache\commons\commons-lang3\3.12.0\commons-lang3-3.12.0.jar;C:\Users\Technomech\.m2\repository\org\apache\httpcomponents\client5\httpclient5\5.1.3\httpclient5-5.1.3.jar;C:\Users\Technomech\.m2\repository\org\apache\httpcomponents\core5\httpcore5\5.1.3\httpcore5-5.1.3.jar;C:\Users\Technomech\.m2\repository\org\apache\httpcomponents\core5\httpcore5-h2\5.1.3\httpcore5-h2-5.1.3.jar;C:\Users\Technomech\.m2\repository\commons-codec\commons-codec\1.15\commons-codec-1.15.jar
Launcher Type: SUN_STANDARD

[Global flags]
     intx CICompilerCount                          = 3                                         {product} {ergonomic}
     uint ConcGCThreads                            = 1                                         {product} {ergonomic}
     uint G1ConcRefinementThreads                  = 4                                         {product} {ergonomic}
   size_t G1HeapRegionSize                         = 1048576                                   {product} {ergonomic}
    uintx GCDrainStackTargetSize                   = 64                                        {product} {ergonomic}
   size_t InitialHeapSize                          = 60817408                                  {product} {ergonomic}
   size_t MarkStackSize                            = 4194304                                   {product} {ergonomic}
   size_t MaxHeapSize                              = 970981376                                 {product} {ergonomic}
   size_t MaxNewSize                               = 581959680                                 {product} {ergonomic}
   size_t MinHeapDeltaBytes                        = 1048576                                   {product} {ergonomic}
   size_t MinHeapSize                              = 8388608                                   {product} {ergonomic}
    uintx NonNMethodCodeHeapSize                   = 5832780                                {pd product} {ergonomic}
    uintx NonProfiledCodeHeapSize                  = 122912730                              {pd product} {ergonomic}
    uintx ProfiledCodeHeapSize                     = 122912730                              {pd product} {ergonomic}
    uintx ReservedCodeCacheSize                    = 251658240                              {pd product} {ergonomic}
     bool SegmentedCodeCache                       = true                                      {product} {ergonomic}
     bool ShowCodeDetailsInExceptionMessages       = true                                   {manageable} {command line}
   size_t SoftMaxHeapSize                          = 970981376                              {manageable} {ergonomic}
     bool UseCompressedClassPointers               = true                           {product lp64_product} {ergonomic}
     bool UseCompressedOops                        = true                           {product lp64_product} {ergonomic}
     bool UseG1GC                                  = true                                      {product} {ergonomic}
     bool UseLargePagesIndividualAllocation        = false                                  {pd product} {ergonomic}

Logging:
Log output configuration:
 #0: stdout all=warning uptime,level,tags foldmultilines=false
 #1: stderr all=off uptime,level,tags foldmultilines=false

Environment Variables:
JAVA_HOME=C:\Program Files\Java\jdk-18.0.1.1\
PATH=C:/Program Files/Java/jdk-18.0.1.1/bin/server;C:/Program Files/Java/jdk-18.0.1.1/bin;C:\oraclexe\app\oracle\product\11.2.0\server\bin;;C:\Program Files\Common Files\Oracle\Java\javapath;C:\Program Files\AdoptOpenJDK\jdk-8.0.282.8-openj9\bin;C:\Program Files\Microsoft\jdk-17.0.3.7-hotspot\bin;C:\Program Files (x86)\Java\jre1.8.0_331\bin;C:\Program Files\Java\jdk-18.0.1.1\bin;C:\Program Files\Java\jdk-18.0.1.1\bin;C:\Program Files\Java\jdk-18.0.2\bin;C:\Program Files\Java\jdk-18.0.2\bin;C:\Users\Technomech\AppData\Local\Microsoft\WindowsApps;;C:\Users\Technomech\AppData\Local\Programs\Microsoft VS Code\bin;C:\Users\Technomech\Desktop;
USERNAME=Technomech
OS=Windows_NT
PROCESSOR_IDENTIFIER=Intel64 Family 6 Model 42 Stepping 7, GenuineIntel



---------------  S Y S T E M  ---------------

OS:
 Windows 10 , 64 bit Build 19041 (10.0.19041.928)
OS uptime: 7 days 22:00 hours

CPU: total 4 (initial active 4) (2 cores per cpu, 2 threads per core) family 6 model 42 stepping 7 microcode 0x2f, cx8, cmov, fxsr, ht, mmx, sse, sse2, sse3, ssse3, sse4.1, sse4.2, popcnt, tsc, tscinvbit, avx, aes, clmul, vzeroupper, clflush

Memory: 4k page, system-wide physical 3696M (369M free)
TotalPageFile size 9716M (AvailPageFile size 0M)
current process WorkingSet (physical memory assigned to process): 65M, peak: 65M
current process commit charge ("private bytes"): 141M, peak: 141M

vm_info: Java HotSpot(TM) 64-Bit Server VM (18.0.1.1+2-6) for windows-amd64 JRE (18.0.1.1+2-6), built on Apr 25 2022 21:53:15 by "mach5one" with MS VC++ 16.8 / 16.9 (VS2019)

END.
