#
# There is insufficient memory for the Java Runtime Environment to continue.
# Native memory allocation (mmap) failed to map 65536 bytes for Failed to commit metaspace.
# Possible reasons:
#   The system is out of physical RAM or swap space
#   The process is running with CompressedOops enabled, and the Java Heap may be blocking the growth of the native heap
# Possible solutions:
#   Reduce memory load on the system
#   Increase physical memory or swap space
#   Check if swap backing store is full
#   Decrease Java heap size (-Xmx/-Xms)
#   Decrease number of Java threads
#   Decrease Java thread stack sizes (-Xss)
#   Set larger code cache with -XX:ReservedCodeCacheSize=
#   JVM is running with Unscaled Compressed Oops mode in which the Java heap is
#     placed in the first 4GB address space. The Java Heap base address is the
#     maximum limit for the native heap growth. Please use -XX:HeapBaseMinAddress
#     to set the Java Heap base and to place the Java Heap above 4GB virtual address.
# This output file may be truncated or incomplete.
#
#  Out of Memory Error (virtualSpaceNode.cpp:110), pid=9988, tid=2300
#
# JRE version: Java(TM) SE Runtime Environment (18.0.1.1+2) (build 18.0.1.1+2-6)
# Java VM: Java HotSpot(TM) 64-Bit Server VM (18.0.1.1+2-6, mixed mode, sharing, tiered, compressed oops, compressed class ptrs, g1 gc, windows-amd64)
# No core dump will be written. Minidumps are not enabled by default on client versions of Windows
#

---------------  S U M M A R Y ------------

Command Line: -Dfile.encoding=UTF-8 -XX:+ShowCodeDetailsInExceptionMessages test_package.action

Host: Intel(R) Core(TM) i5-2520M CPU @ 2.50GHz, 4 cores, 3G,  Windows 10 , 64 bit Build 19041 (10.0.19041.928)
Time: Fri Sep 23 17:08:27 2022 India Standard Time elapsed time: 1.029962 seconds (0d 0h 0m 1s)

---------------  T H R E A D  ---------------

Current thread (0x00000286cac3df70):  JavaThread "main" [_thread_in_vm, id=2300, stack(0x000000d2fec00000,0x000000d2fed00000)]

Stack: [0x000000d2fec00000,0x000000d2fed00000]
Native frames: (J=compiled Java code, j=interpreted, Vv=VM code, C=native code)
V  [jvm.dll+0x69887a]
V  [jvm.dll+0x7f38bd]
V  [jvm.dll+0x7f51ce]
V  [jvm.dll+0x7f5883]
V  [jvm.dll+0x25ca3f]
V  [jvm.dll+0x7ef5cb]
V  [jvm.dll+0x63ea76]
V  [jvm.dll+0x63eada]
V  [jvm.dll+0x64135e]
V  [jvm.dll+0x64121e]
V  [jvm.dll+0x63f43e]
V  [jvm.dll+0x2524a0]
V  [jvm.dll+0x202d5d]
V  [jvm.dll+0x1f8781]
V  [jvm.dll+0x55d685]
V  [jvm.dll+0x209637]
V  [jvm.dll+0x76cf6d]
V  [jvm.dll+0x76e2a6]
V  [jvm.dll+0x76ea31]
V  [jvm.dll+0x203584]
V  [jvm.dll+0x1f879a]
V  [jvm.dll+0x55d685]
V  [jvm.dll+0x209637]
V  [jvm.dll+0x76cf6d]
V  [jvm.dll+0x76e2a6]
V  [jvm.dll+0x76e5d8]
V  [jvm.dll+0x43410e]
C  [java.dll+0x13e9]

Java frames: (J=compiled Java code, j=interpreted, Vv=VM code)
j  java.lang.Class.forName0(Ljava/lang/String;ZLjava/lang/ClassLoader;Ljava/lang/Class;)Ljava/lang/Class;+0 java.base@18.0.1.1
j  java.lang.Class.forName(Ljava/lang/String;Ljava/lang/Class;)Ljava/lang/Class;+7 java.base@18.0.1.1
j  java.lang.Class.forName(Ljava/lang/String;)Ljava/lang/Class;+6 java.base@18.0.1.1
j  java.security.Provider$Service.getImplClass()Ljava/lang/Class;+64 java.base@18.0.1.1
j  java.security.Provider$Service.getDefaultConstructor()Ljava/lang/reflect/Constructor;+46 java.base@18.0.1.1
j  java.security.Provider$Service.newInstanceOf()Ljava/lang/Object;+1 java.base@18.0.1.1
j  java.security.Provider$Service.newInstanceUtil(Ljava/lang/Class;Ljava/lang/Object;)Ljava/lang/Object;+5 java.base@18.0.1.1
j  java.security.Provider$Service.newInstance(Ljava/lang/Object;)Ljava/lang/Object;+227 java.base@18.0.1.1
j  javax.crypto.Cipher.getInstance(Ljava/lang/String;)Ljavax/crypto/Cipher;+179 java.base@18.0.1.1
j  sun.security.ssl.SSLCipher.isTransformationAvailable(Ljava/lang/String;)Z+12 java.base@18.0.1.1
j  sun.security.ssl.SSLCipher.<init>(Ljava/lang/String;ILjava/lang/String;Lsun/security/ssl/CipherType;IIIIZZ[Ljava/util/Map$Entry;[Ljava/util/Map$Entry;)V+124 java.base@18.0.1.1
j  sun.security.ssl.SSLCipher.<clinit>()V+829 java.base@18.0.1.1
v  ~StubRoutines::call_stub
j  sun.security.ssl.CipherSuite.<clinit>()V+18 java.base@18.0.1.1
v  ~StubRoutines::call_stub
j  sun.security.ssl.SSLContextImpl.getApplicableSupportedCipherSuites(Ljava/util/List;)Ljava/util/List;+0 java.base@18.0.1.1
j  sun.security.ssl.SSLContextImpl$AbstractTLSContext.<clinit>()V+84 java.base@18.0.1.1
v  ~StubRoutines::call_stub
j  java.lang.Class.forName0(Ljava/lang/String;ZLjava/lang/ClassLoader;Ljava/lang/Class;)Ljava/lang/Class;+0 java.base@18.0.1.1
j  java.lang.Class.forName(Ljava/lang/String;Ljava/lang/Class;)Ljava/lang/Class;+7 java.base@18.0.1.1
j  java.lang.Class.forName(Ljava/lang/String;)Ljava/lang/Class;+6 java.base@18.0.1.1
j  java.security.Provider$Service.getImplClass()Ljava/lang/Class;+64 java.base@18.0.1.1
j  java.security.Provider$Service.getDefaultConstructor()Ljava/lang/reflect/Constructor;+46 java.base@18.0.1.1
j  java.security.Provider$Service.newInstanceOf()Ljava/lang/Object;+1 java.base@18.0.1.1
j  java.security.Provider$Service.newInstanceUtil(Ljava/lang/Class;Ljava/lang/Object;)Ljava/lang/Object;+5 java.base@18.0.1.1
j  java.security.Provider$Service.newInstance(Ljava/lang/Object;)Ljava/lang/Object;+227 java.base@18.0.1.1
j  sun.security.jca.GetInstance.getInstance(Ljava/security/Provider$Service;Ljava/lang/Class;)Lsun/security/jca/GetInstance$Instance;+2 java.base@18.0.1.1
j  sun.security.jca.GetInstance.getInstance(Ljava/lang/String;Ljava/lang/Class;Ljava/lang/String;)Lsun/security/jca/GetInstance$Instance;+56 java.base@18.0.1.1
j  javax.net.ssl.SSLContext.getInstance(Ljava/lang/String;)Ljavax/net/ssl/SSLContext;+12 java.base@18.0.1.1
j  org.apache.hc.core5.ssl.SSLContextBuilder.build()Ljavax/net/ssl/SSLContext;+37
j  io.github.bonigarcia.wdm.online.HttpClient.<init>(Lio/github/bonigarcia/wdm/config/Config;)V+56
j  io.github.bonigarcia.wdm.WebDriverManager.setup()V+24
j  test_package.action.main([Ljava/lang/String;)V+3
v  ~StubRoutines::call_stub

---------------  P R O C E S S  ---------------

Threads class SMR info:
_java_thread_list=0x00000286ea05d050, length=12, elements={
0x00000286cac3df70, 0x00000286cacd9900, 0x00000286cacdad00, 0x00000286cacf0ac0,
0x00000286cacf2870, 0x00000286cacf4290, 0x00000286cacf7cd0, 0x00000286cacf9fc0,
0x00000286cacfb280, 0x00000286e5b9df30, 0x00000286ea07b930, 0x00000286ea07af90
}

Java Threads: ( => current thread )
=>0x00000286cac3df70 JavaThread "main" [_thread_in_vm, id=2300, stack(0x000000d2fec00000,0x000000d2fed00000)]
  0x00000286cacd9900 JavaThread "Reference Handler" daemon [_thread_blocked, id=5104, stack(0x000000d2ff300000,0x000000d2ff400000)]
  0x00000286cacdad00 JavaThread "Finalizer" daemon [_thread_blocked, id=10740, stack(0x000000d2ff400000,0x000000d2ff500000)]
  0x00000286cacf0ac0 JavaThread "Signal Dispatcher" daemon [_thread_blocked, id=13412, stack(0x000000d2ff500000,0x000000d2ff600000)]
  0x00000286cacf2870 JavaThread "Attach Listener" daemon [_thread_blocked, id=15104, stack(0x000000d2ff600000,0x000000d2ff700000)]
  0x00000286cacf4290 JavaThread "Service Thread" daemon [_thread_blocked, id=16032, stack(0x000000d2ff700000,0x000000d2ff800000)]
  0x00000286cacf7cd0 JavaThread "Monitor Deflation Thread" daemon [_thread_blocked, id=10540, stack(0x000000d2ff800000,0x000000d2ff900000)]
  0x00000286cacf9fc0 JavaThread "C2 CompilerThread0" daemon [_thread_blocked, id=15552, stack(0x000000d2ff900000,0x000000d2ffa00000)]
  0x00000286cacfb280 JavaThread "C1 CompilerThread0" daemon [_thread_in_vm, id=5488, stack(0x000000d2ffa00000,0x000000d2ffb00000)]
  0x00000286e5b9df30 JavaThread "Sweeper thread" daemon [_thread_blocked, id=11112, stack(0x000000d2ffb00000,0x000000d2ffc00000)]
  0x00000286ea07b930 JavaThread "Notification Thread" daemon [_thread_blocked, id=2280, stack(0x000000d2ffc00000,0x000000d2ffd00000)]
  0x00000286ea07af90 JavaThread "Common-Cleaner" daemon [_thread_blocked, id=5272, stack(0x000000d2ffe00000,0x000000d2fff00000)]

Other Threads:
  0x00000286cacd5d60 VMThread "VM Thread" [stack: 0x000000d2ff200000,0x000000d2ff300000] [id=2264]
  0x00000286ea083b70 WatcherThread "VM Periodic Task Thread" [stack: 0x000000d2ffd00000,0x000000d2ffe00000] [id=11040]
  0x00000286cac7c030 WorkerThread "GC Thread#0" [stack: 0x000000d2fed00000,0x000000d2fee00000] [id=13020]
  0x00000286ea6fb060 WorkerThread "GC Thread#1" [stack: 0x000000d2fff00000,0x000000d300000000] [id=2032]
  0x00000286ea719ef0 WorkerThread "GC Thread#2" [stack: 0x000000d280000000,0x000000d280100000] [id=8128]
  0x00000286ea71a190 WorkerThread "GC Thread#3" [stack: 0x000000d280100000,0x000000d280200000] [id=14392]
  0x00000286cac84ac0 ConcurrentGCThread "G1 Main Marker" [stack: 0x000000d2fee00000,0x000000d2fef00000] [id=14156]
  0x00000286cac864c0 WorkerThread "G1 Conc#0" [stack: 0x000000d2fef00000,0x000000d2ff000000] [id=10096]
  0x00000286cacb0840 ConcurrentGCThread "G1 Refine#0" [stack: 0x000000d2ff000000,0x000000d2ff100000] [id=12908]
  0x00000286cacb1150 ConcurrentGCThread "G1 Service" [stack: 0x000000d2ff100000,0x000000d2ff200000] [id=12484]

Threads with active compile tasks:
C1 CompilerThread0     1432  804       3       java.util.regex.Pattern::peek (26 bytes)

VM state: not at safepoint (normal execution)

VM Mutex/Monitor currently owned by a thread:  ([mutex/lock_event])
[0x00000286cac382d0] Metaspace_lock - owner thread: 0x00000286cac3df70
[0x00000286cac3acf0] MethodData_lock - owner thread: 0x00000286cacfb280

Heap address: 0x00000000c6200000, size: 926 MB, Compressed Oops mode: 32-bit

CDS archive(s) mapped at: [0x0000000800000000-0x0000000800ba0000-0x0000000800ba0000), size 12189696, SharedBaseAddress: 0x0000000800000000, ArchiveRelocationMode: 0.
Compressed class space mapped at: 0x0000000800c00000-0x0000000840c00000, reserved size: 1073741824
Narrow klass base: 0x0000000800000000, Narrow klass shift: 0, Narrow klass range: 0x100000000

GC Precious Log:
 CardTable entry size: 512
 Card Set container configuration: InlinePtr #cards 5 size 8 Array Of Cards #cards 12 size 40 Howl #buckets 4 coarsen threshold 1843 Howl Bitmap #cards 512 size 80 coarsen threshold 460 Card regions per heap region 1 cards per card region 2048
 CPUs: 4 total, 4 available
 Memory: 3696M
 Large Page Support: Disabled
 NUMA Support: Disabled
 Compressed Oops: Enabled (32-bit)
 Heap Region Size: 1M
 Heap Min Capacity: 8M
 Heap Initial Capacity: 58M
 Heap Max Capacity: 926M
 Pre-touch: Disabled
 Parallel Workers: 4
 Concurrent Workers: 1
 Concurrent Refinement Workers: 4
 Periodic GC: Disabled

Heap:
 garbage-first heap   total 59392K, used 7828K [0x00000000c6200000, 0x0000000100000000)
  region size 1024K, 5 young (5120K), 2 survivors (2048K)
 Metaspace       used 3781K, committed 3904K, reserved 1114112K
  class space    used 355K, committed 448K, reserved 1048576K

Heap Regions: E=young(eden), S=young(survivor), O=old, HS=humongous(starts), HC=humongous(continues), CS=collection set, F=free, OA=open archive, CA=closed archive, TAMS=top-at-mark-start (previous, next)
|   0|0x00000000c6200000, 0x00000000c6300000, 0x00000000c6300000|100%| O|  |TAMS 0x00000000c6200000, 0x00000000c6200000| Untracked 
|   1|0x00000000c6300000, 0x00000000c6400000, 0x00000000c6400000|100%| O|  |TAMS 0x00000000c6300000, 0x00000000c6300000| Untracked 
|   2|0x00000000c6400000, 0x00000000c6500000, 0x00000000c6500000|100%| O|  |TAMS 0x00000000c6400000, 0x00000000c6400000| Untracked 
|   3|0x00000000c6500000, 0x00000000c65a5200, 0x00000000c6600000| 64%| O|  |TAMS 0x00000000c6500000, 0x00000000c6500000| Untracked 
|   4|0x00000000c6600000, 0x00000000c6600000, 0x00000000c6700000|  0%| F|  |TAMS 0x00000000c6600000, 0x00000000c6600000| Untracked 
|   5|0x00000000c6700000, 0x00000000c6700000, 0x00000000c6800000|  0%| F|  |TAMS 0x00000000c6700000, 0x00000000c6700000| Untracked 
|   6|0x00000000c6800000, 0x00000000c6800000, 0x00000000c6900000|  0%| F|  |TAMS 0x00000000c6800000, 0x00000000c6800000| Untracked 
|   7|0x00000000c6900000, 0x00000000c6900000, 0x00000000c6a00000|  0%| F|  |TAMS 0x00000000c6900000, 0x00000000c6900000| Untracked 
|   8|0x00000000c6a00000, 0x00000000c6a00000, 0x00000000c6b00000|  0%| F|  |TAMS 0x00000000c6a00000, 0x00000000c6a00000| Untracked 
|   9|0x00000000c6b00000, 0x00000000c6b00000, 0x00000000c6c00000|  0%| F|  |TAMS 0x00000000c6b00000, 0x00000000c6b00000| Untracked 
|  10|0x00000000c6c00000, 0x00000000c6c00000, 0x00000000c6d00000|  0%| F|  |TAMS 0x00000000c6c00000, 0x00000000c6c00000| Untracked 
|  11|0x00000000c6d00000, 0x00000000c6d00000, 0x00000000c6e00000|  0%| F|  |TAMS 0x00000000c6d00000, 0x00000000c6d00000| Untracked 
|  12|0x00000000c6e00000, 0x00000000c6e00000, 0x00000000c6f00000|  0%| F|  |TAMS 0x00000000c6e00000, 0x00000000c6e00000| Untracked 
|  13|0x00000000c6f00000, 0x00000000c6f00000, 0x00000000c7000000|  0%| F|  |TAMS 0x00000000c6f00000, 0x00000000c6f00000| Untracked 
|  14|0x00000000c7000000, 0x00000000c7000000, 0x00000000c7100000|  0%| F|  |TAMS 0x00000000c7000000, 0x00000000c7000000| Untracked 
|  15|0x00000000c7100000, 0x00000000c7100000, 0x00000000c7200000|  0%| F|  |TAMS 0x00000000c7100000, 0x00000000c7100000| Untracked 
|  16|0x00000000c7200000, 0x00000000c7200000, 0x00000000c7300000|  0%| F|  |TAMS 0x00000000c7200000, 0x00000000c7200000| Untracked 
|  17|0x00000000c7300000, 0x00000000c7300000, 0x00000000c7400000|  0%| F|  |TAMS 0x00000000c7300000, 0x00000000c7300000| Untracked 
|  18|0x00000000c7400000, 0x00000000c7400000, 0x00000000c7500000|  0%| F|  |TAMS 0x00000000c7400000, 0x00000000c7400000| Untracked 
|  19|0x00000000c7500000, 0x00000000c7500000, 0x00000000c7600000|  0%| F|  |TAMS 0x00000000c7500000, 0x00000000c7500000| Untracked 
|  20|0x00000000c7600000, 0x00000000c7600000, 0x00000000c7700000|  0%| F|  |TAMS 0x00000000c7600000, 0x00000000c7600000| Untracked 
|  21|0x00000000c7700000, 0x00000000c7700000, 0x00000000c7800000|  0%| F|  |TAMS 0x00000000c7700000, 0x00000000c7700000| Untracked 
|  22|0x00000000c7800000, 0x00000000c7800000, 0x00000000c7900000|  0%| F|  |TAMS 0x00000000c7800000, 0x00000000c7800000| Untracked 
|  23|0x00000000c7900000, 0x00000000c7900000, 0x00000000c7a00000|  0%| F|  |TAMS 0x00000000c7900000, 0x00000000c7900000| Untracked 
|  24|0x00000000c7a00000, 0x00000000c7a00000, 0x00000000c7b00000|  0%| F|  |TAMS 0x00000000c7a00000, 0x00000000c7a00000| Untracked 
|  25|0x00000000c7b00000, 0x00000000c7b00000, 0x00000000c7c00000|  0%| F|  |TAMS 0x00000000c7b00000, 0x00000000c7b00000| Untracked 
|  26|0x00000000c7c00000, 0x00000000c7c00000, 0x00000000c7d00000|  0%| F|  |TAMS 0x00000000c7c00000, 0x00000000c7c00000| Untracked 
|  27|0x00000000c7d00000, 0x00000000c7d00000, 0x00000000c7e00000|  0%| F|  |TAMS 0x00000000c7d00000, 0x00000000c7d00000| Untracked 
|  28|0x00000000c7e00000, 0x00000000c7e00000, 0x00000000c7f00000|  0%| F|  |TAMS 0x00000000c7e00000, 0x00000000c7e00000| Untracked 
|  29|0x00000000c7f00000, 0x00000000c7f00000, 0x00000000c8000000|  0%| F|  |TAMS 0x00000000c7f00000, 0x00000000c7f00000| Untracked 
|  30|0x00000000c8000000, 0x00000000c8000000, 0x00000000c8100000|  0%| F|  |TAMS 0x00000000c8000000, 0x00000000c8000000| Untracked 
|  31|0x00000000c8100000, 0x00000000c8100000, 0x00000000c8200000|  0%| F|  |TAMS 0x00000000c8100000, 0x00000000c8100000| Untracked 
|  32|0x00000000c8200000, 0x00000000c8200000, 0x00000000c8300000|  0%| F|  |TAMS 0x00000000c8200000, 0x00000000c8200000| Untracked 
|  33|0x00000000c8300000, 0x00000000c8300000, 0x00000000c8400000|  0%| F|  |TAMS 0x00000000c8300000, 0x00000000c8300000| Untracked 
|  34|0x00000000c8400000, 0x00000000c8400000, 0x00000000c8500000|  0%| F|  |TAMS 0x00000000c8400000, 0x00000000c8400000| Untracked 
|  35|0x00000000c8500000, 0x00000000c8500000, 0x00000000c8600000|  0%| F|  |TAMS 0x00000000c8500000, 0x00000000c8500000| Untracked 
|  36|0x00000000c8600000, 0x00000000c8600000, 0x00000000c8700000|  0%| F|  |TAMS 0x00000000c8600000, 0x00000000c8600000| Untracked 
|  37|0x00000000c8700000, 0x00000000c8700000, 0x00000000c8800000|  0%| F|  |TAMS 0x00000000c8700000, 0x00000000c8700000| Untracked 
|  38|0x00000000c8800000, 0x00000000c8800000, 0x00000000c8900000|  0%| F|  |TAMS 0x00000000c8800000, 0x00000000c8800000| Untracked 
|  39|0x00000000c8900000, 0x00000000c8900000, 0x00000000c8a00000|  0%| F|  |TAMS 0x00000000c8900000, 0x00000000c8900000| Untracked 
|  40|0x00000000c8a00000, 0x00000000c8a00000, 0x00000000c8b00000|  0%| F|  |TAMS 0x00000000c8a00000, 0x00000000c8a00000| Untracked 
|  41|0x00000000c8b00000, 0x00000000c8b00000, 0x00000000c8c00000|  0%| F|  |TAMS 0x00000000c8b00000, 0x00000000c8b00000| Untracked 
|  42|0x00000000c8c00000, 0x00000000c8c00000, 0x00000000c8d00000|  0%| F|  |TAMS 0x00000000c8c00000, 0x00000000c8c00000| Untracked 
|  43|0x00000000c8d00000, 0x00000000c8e00000, 0x00000000c8e00000|100%| S|CS|TAMS 0x00000000c8d00000, 0x00000000c8d00000| Complete 
|  44|0x00000000c8e00000, 0x00000000c8f00000, 0x00000000c8f00000|100%| S|CS|TAMS 0x00000000c8e00000, 0x00000000c8e00000| Complete 
|  45|0x00000000c8f00000, 0x00000000c8f00000, 0x00000000c9000000|  0%| F|  |TAMS 0x00000000c8f00000, 0x00000000c8f00000| Untracked 
|  46|0x00000000c9000000, 0x00000000c9000000, 0x00000000c9100000|  0%| F|  |TAMS 0x00000000c9000000, 0x00000000c9000000| Untracked 
|  47|0x00000000c9100000, 0x00000000c9100000, 0x00000000c9200000|  0%| F|  |TAMS 0x00000000c9100000, 0x00000000c9100000| Untracked 
|  48|0x00000000c9200000, 0x00000000c9200000, 0x00000000c9300000|  0%| F|  |TAMS 0x00000000c9200000, 0x00000000c9200000| Untracked 
|  49|0x00000000c9300000, 0x00000000c9300000, 0x00000000c9400000|  0%| F|  |TAMS 0x00000000c9300000, 0x00000000c9300000| Untracked 
|  50|0x00000000c9400000, 0x00000000c9400000, 0x00000000c9500000|  0%| F|  |TAMS 0x00000000c9400000, 0x00000000c9400000| Untracked 
|  51|0x00000000c9500000, 0x00000000c9500000, 0x00000000c9600000|  0%| F|  |TAMS 0x00000000c9500000, 0x00000000c9500000| Untracked 
|  52|0x00000000c9600000, 0x00000000c9600000, 0x00000000c9700000|  0%| F|  |TAMS 0x00000000c9600000, 0x00000000c9600000| Untracked 
|  53|0x00000000c9700000, 0x00000000c9700000, 0x00000000c9800000|  0%| F|  |TAMS 0x00000000c9700000, 0x00000000c9700000| Untracked 
|  54|0x00000000c9800000, 0x00000000c9800000, 0x00000000c9900000|  0%| F|  |TAMS 0x00000000c9800000, 0x00000000c9800000| Untracked 
|  55|0x00000000c9900000, 0x00000000c996f188, 0x00000000c9a00000| 43%| E|  |TAMS 0x00000000c9900000, 0x00000000c9900000| Complete 
|  56|0x00000000c9a00000, 0x00000000c9b00000, 0x00000000c9b00000|100%| E|CS|TAMS 0x00000000c9a00000, 0x00000000c9a00000| Complete 
|  57|0x00000000c9b00000, 0x00000000c9c00000, 0x00000000c9c00000|100%| E|CS|TAMS 0x00000000c9b00000, 0x00000000c9b00000| Complete 

Card table byte_map: [0x00000286e1570000,0x00000286e1740000] _byte_map_base: 0x00000286e0f3f000

Marking Bits (Prev, Next): (CMBitMap*) 0x00000286cac7c630, (CMBitMap*) 0x00000286cac7c670
 Prev Bits: [0x00000286e1910000, 0x00000286e2788000)
 Next Bits: [0x00000286e2790000, 0x00000286e3608000)

Polling page: 0x00000286c8dc0000

Metaspace:

Usage:
  Non-class:      3.35 MB used.
      Class:    355.19 KB used.
       Both:      3.69 MB used.

Virtual space:
  Non-class space:       64.00 MB reserved,       3.38 MB (  5%) committed,  1 nodes.
      Class space:        1.00 GB reserved,     448.00 KB ( <1%) committed,  1 nodes.
             Both:        1.06 GB reserved,       3.81 MB ( <1%) committed. 

Chunk freelists:
   Non-Class:  3.45 MB
       Class:  3.55 MB
        Both:  6.99 MB

MaxMetaspaceSize: unlimited
CompressedClassSpaceSize: 1.00 GB
Initial GC threshold: 21.00 MB
Current GC threshold: 21.00 MB
CDS: on
MetaspaceReclaimPolicy: balanced
 - commit_granule_bytes: 65536.
 - commit_granule_words: 8192.
 - virtual_space_node_default_size: 8388608.
 - enlarge_chunks_in_place: 1.
 - new_chunks_are_fully_committed: 0.
 - uncommit_free_chunks: 1.
 - use_allocation_guard: 0.


Internal statistics:

num_allocs_failed_limit: 0.
num_arena_births: 18.
num_arena_deaths: 0.
num_vsnodes_births: 2.
num_vsnodes_deaths: 0.
num_space_committed: 61.
num_space_uncommitted: 0.
num_chunks_returned_to_freelist: 0.
num_chunks_taken_from_freelist: 53.
num_chunk_merges: 0.
num_chunk_splits: 32.
num_chunks_enlarged: 26.
num_inconsistent_stats: 0.

CodeHeap 'non-profiled nmethods': size=120000Kb used=256Kb max_used=256Kb free=119743Kb
 bounds [0x00000286da040000, 0x00000286da2b0000, 0x00000286e1570000]
CodeHeap 'profiled nmethods': size=120000Kb used=1319Kb max_used=1319Kb free=118680Kb
 bounds [0x00000286d2b10000, 0x00000286d2d80000, 0x00000286da040000]
CodeHeap 'non-nmethods': size=5760Kb used=1147Kb max_used=1164Kb free=4612Kb
 bounds [0x00000286d2570000, 0x00000286d27e0000, 0x00000286d2b10000]
 total_blobs=1227 nmethods=803 adapters=337
 compilation: enabled
              stopped_count=0, restarted_count=0
 full_count=0

Compilation events (20 events):
Event: 0.940 Thread 0x00000286cacfb280  796       3       java.util.regex.Pattern::next (33 bytes)
Event: 0.940 Thread 0x00000286cacfb280 nmethod 796 0x00000286d2c56310 code [0x00000286d2c564c0, 0x00000286d2c56728]
Event: 0.944 Thread 0x00000286cacfb280  797       3       java.lang.Class::getPackageName (81 bytes)
Event: 0.945 Thread 0x00000286cacfb280 nmethod 797 0x00000286d2c56890 code [0x00000286d2c56b20, 0x00000286d2c575c8]
Event: 0.945 Thread 0x00000286cacfb280  798       3       java.lang.invoke.MethodType::equals (56 bytes)
Event: 0.946 Thread 0x00000286cacfb280 nmethod 798 0x00000286d2c57990 code [0x00000286d2c57bc0, 0x00000286d2c58758]
Event: 0.946 Thread 0x00000286cacfb280  801       3       java.lang.invoke.Invokers::maybeCustomize (5 bytes)
Event: 0.946 Thread 0x00000286cacfb280 nmethod 801 0x00000286d2c58910 code [0x00000286d2c58aa0, 0x00000286d2c58c48]
Event: 0.946 Thread 0x00000286cacfb280  802       3       java.lang.invoke.MethodHandle::maybeCustomize (38 bytes)
Event: 0.947 Thread 0x00000286cacfb280 nmethod 802 0x00000286d2c58d10 code [0x00000286d2c58ee0, 0x00000286d2c592d8]
Event: 0.947 Thread 0x00000286cacfb280  799       1       java.lang.invoke.MethodHandles$Lookup::lookupClass (5 bytes)
Event: 0.947 Thread 0x00000286cacfb280 nmethod 799 0x00000286da07e790 code [0x00000286da07e920, 0x00000286da07e9f8]
Event: 0.947 Thread 0x00000286cacfb280  800       1       java.lang.invoke.MethodTypeForm::erasedType (5 bytes)
Event: 0.947 Thread 0x00000286cacfb280 nmethod 800 0x00000286da07ea90 code [0x00000286da07ec20, 0x00000286da07ecf8]
Event: 0.947 Thread 0x00000286cacfb280  803       3       java.lang.String::codePointAt (50 bytes)
Event: 0.948 Thread 0x00000286cacfb280 nmethod 803 0x00000286d2c59410 code [0x00000286d2c59600, 0x00000286d2c59a68]
Event: 0.948 Thread 0x00000286cacfb280  804       3       java.util.regex.Pattern::peek (26 bytes)
Event: 0.954 Thread 0x00000286cacf9fc0 nmethod 775 0x00000286da07ed90 code [0x00000286da07ef40, 0x00000286da07f7b8]
Event: 0.955 Thread 0x00000286cacf9fc0  774       4       java.util.concurrent.ConcurrentHashMap::addCount (280 bytes)
Event: 0.958 Thread 0x00000286cacf9fc0 nmethod 774 0x00000286da07fc10 code [0x00000286da07fda0, 0x00000286da07ffb8]

GC Heap History (2 events):
Event: 0.796 GC heap before
{Heap before GC invocations=0 (full 0):
 garbage-first heap   total 59392K, used 12288K [0x00000000c6200000, 0x0000000100000000)
  region size 1024K, 13 young (13312K), 0 survivors (0K)
 Metaspace       used 2848K, committed 2944K, reserved 1114112K
  class space    used 262K, committed 320K, reserved 1048576K
}
Event: 0.806 GC heap after
{Heap after GC invocations=1 (full 0):
 garbage-first heap   total 59392K, used 5780K [0x00000000c6200000, 0x0000000100000000)
  region size 1024K, 2 young (2048K), 2 survivors (2048K)
 Metaspace       used 2848K, committed 2944K, reserved 1114112K
  class space    used 262K, committed 320K, reserved 1048576K
}

Deoptimization events (20 events):
Event: 0.580 Thread 0x00000286cac3df70 DEOPT PACKING pc=0x00000286da05a8f0 sp=0x000000d2fecfde80
Event: 0.580 Thread 0x00000286cac3df70 DEOPT UNPACKING pc=0x00000286d25c23a3 sp=0x000000d2fecfdde8 mode 2
Event: 0.769 Thread 0x00000286cac3df70 DEOPT PACKING pc=0x00000286d2b678d0 sp=0x000000d2fecfdc50
Event: 0.769 Thread 0x00000286cac3df70 DEOPT UNPACKING pc=0x00000286d25c2b43 sp=0x000000d2fecfd120 mode 0
Event: 0.780 Thread 0x00000286cac3df70 DEOPT PACKING pc=0x00000286d2be293e sp=0x000000d2fecfe600
Event: 0.780 Thread 0x00000286cac3df70 DEOPT UNPACKING pc=0x00000286d25c2b43 sp=0x000000d2fecfda80 mode 0
Event: 0.783 Thread 0x00000286cac3df70 DEOPT PACKING pc=0x00000286d2be293e sp=0x000000d2fecfe600
Event: 0.783 Thread 0x00000286cac3df70 DEOPT UNPACKING pc=0x00000286d25c2b43 sp=0x000000d2fecfda80 mode 0
Event: 0.785 Thread 0x00000286cac3df70 DEOPT PACKING pc=0x00000286d2be293e sp=0x000000d2fecfe600
Event: 0.785 Thread 0x00000286cac3df70 DEOPT UNPACKING pc=0x00000286d25c2b43 sp=0x000000d2fecfda80 mode 0
Event: 0.788 Thread 0x00000286cac3df70 Uncommon trap: trap_request=0xffffff45 fr.pc=0x00000286da0672e4 relative=0x00000000000003c4
Event: 0.788 Thread 0x00000286cac3df70 Uncommon trap: reason=unstable_if action=reinterpret pc=0x00000286da0672e4 method=java.lang.StringLatin1.newString([BII)Ljava/lang/String; @ 1 c2
Event: 0.788 Thread 0x00000286cac3df70 DEOPT PACKING pc=0x00000286da0672e4 sp=0x000000d2fecfdc40
Event: 0.788 Thread 0x00000286cac3df70 DEOPT UNPACKING pc=0x00000286d25c23a3 sp=0x000000d2fecfdc08 mode 2
Event: 0.789 Thread 0x00000286cac3df70 DEOPT PACKING pc=0x00000286d2be293e sp=0x000000d2fecfe600
Event: 0.789 Thread 0x00000286cac3df70 DEOPT UNPACKING pc=0x00000286d25c2b43 sp=0x000000d2fecfda80 mode 0
Event: 0.791 Thread 0x00000286cac3df70 DEOPT PACKING pc=0x00000286d2be293e sp=0x000000d2fecfe600
Event: 0.791 Thread 0x00000286cac3df70 DEOPT UNPACKING pc=0x00000286d25c2b43 sp=0x000000d2fecfda80 mode 0
Event: 0.793 Thread 0x00000286cac3df70 DEOPT PACKING pc=0x00000286d2be293e sp=0x000000d2fecfe600
Event: 0.793 Thread 0x00000286cac3df70 DEOPT UNPACKING pc=0x00000286d25c2b43 sp=0x000000d2fecfda80 mode 0

Classes loaded (20 events):
Event: 0.942 Loading class com/sun/crypto/provider/PKCS5Padding
Event: 0.942 Loading class com/sun/crypto/provider/Padding
Event: 0.942 Loading class com/sun/crypto/provider/Padding done
Event: 0.942 Loading class com/sun/crypto/provider/PKCS5Padding done
Event: 0.942 Loading class com/sun/crypto/provider/CipherBlockChaining
Event: 0.943 Loading class com/sun/crypto/provider/CipherBlockChaining done
Event: 0.943 Loading class sun/security/ssl/SSLCipher$T11BlockReadCipherGenerator
Event: 0.943 Loading class sun/security/ssl/SSLCipher$T11BlockReadCipherGenerator done
Event: 0.943 Loading class sun/security/ssl/SSLCipher$T11BlockWriteCipherGenerator
Event: 0.943 Loading class sun/security/ssl/SSLCipher$T11BlockWriteCipherGenerator done
Event: 0.943 Loading class javax/crypto/JceSecurityManager
Event: 0.943 Loading class javax/crypto/JceSecurityManager done
Event: 0.946 Loading class java/lang/StackWalker$Option
Event: 0.946 Loading class java/lang/StackWalker$Option done
Event: 0.946 Loading class com/sun/crypto/provider/DESedeCipher
Event: 0.946 Loading class com/sun/crypto/provider/DESedeCipher done
Event: 0.947 Loading class com/sun/crypto/provider/DESedeCrypt
Event: 0.947 Loading class com/sun/crypto/provider/DESedeCrypt done
Event: 0.947 Loading class com/sun/crypto/provider/AESCipher$General
Event: 0.947 Loading class com/sun/crypto/provider/AESCipher

Classes unloaded (0 events):
No events

Classes redefined (0 events):
No events

Internal exceptions (4 events):
Event: 0.472 Thread 0x00000286cac3df70 Exception <a 'java/lang/NoClassDefFoundError'{0x00000000c95cf628}: org/slf4j/impl/StaticLoggerBinder> (0x00000000c95cf628) 
thrown [s\open\src\hotspot\share\classfile\systemDictionary.cpp, line 244]
Event: 0.498 Thread 0x00000286cac3df70 Exception <a 'java/lang/NoSuchMethodError'{0x00000000c942cc48}: 'int java.lang.invoke.DirectMethodHandle$Holder.invokeSpecial(java.lang.Object, java.lang.Object, java.lang.Object)'> (0x00000000c942cc48) 
thrown [s\open\src\hotspot\share\interpreter\linkResolver.cpp, line 766]
Event: 0.917 Thread 0x00000286cac3df70 Exception <a 'sun/nio/fs/WindowsException'{0x00000000c9938800}> (0x00000000c9938800) 
thrown [s\open\src\hotspot\share\prims\jni.cpp, line 516]
Event: 0.945 Thread 0x00000286cac3df70 Exception <a 'java/lang/NoSuchMethodError'{0x00000000c995e088}: 'java.lang.Object java.lang.invoke.DirectMethodHandle$Holder.invokeStaticInit(java.lang.Object)'> (0x00000000c995e088) 
thrown [s\open\src\hotspot\share\interpreter\linkResolver.cpp, line 766]

VM Operations (10 events):
Event: 0.293 Executing VM operation: HandshakeAllThreads
Event: 0.293 Executing VM operation: HandshakeAllThreads done
Event: 0.546 Executing VM operation: HandshakeAllThreads
Event: 0.546 Executing VM operation: HandshakeAllThreads done
Event: 0.553 Executing VM operation: HandshakeAllThreads
Event: 0.553 Executing VM operation: HandshakeAllThreads done
Event: 0.654 Executing VM operation: HandshakeAllThreads
Event: 0.654 Executing VM operation: HandshakeAllThreads done
Event: 0.796 Executing VM operation: G1CollectForAllocation
Event: 0.806 Executing VM operation: G1CollectForAllocation done

Events (20 events):
Event: 0.105 Loaded shared library C:\Program Files\Java\jdk-18.0.1.1\bin\java.dll
Event: 0.117 Loaded shared library C:\Program Files\Java\jdk-18.0.1.1\bin\jsvml.dll
Event: 0.117 Thread 0x00000286cac3df70 Thread added: 0x00000286cac3df70
Event: 0.120 Thread 0x00000286cacd9900 Thread added: 0x00000286cacd9900
Event: 0.120 Thread 0x00000286cacdad00 Thread added: 0x00000286cacdad00
Event: 0.135 Thread 0x00000286cacf0ac0 Thread added: 0x00000286cacf0ac0
Event: 0.135 Thread 0x00000286cacf2870 Thread added: 0x00000286cacf2870
Event: 0.136 Thread 0x00000286cacf4290 Thread added: 0x00000286cacf4290
Event: 0.136 Thread 0x00000286cacf7cd0 Thread added: 0x00000286cacf7cd0
Event: 0.136 Thread 0x00000286cacf9fc0 Thread added: 0x00000286cacf9fc0
Event: 0.136 Thread 0x00000286cacfb280 Thread added: 0x00000286cacfb280
Event: 0.136 Thread 0x00000286e5b9df30 Thread added: 0x00000286e5b9df30
Event: 0.246 Thread 0x00000286ea07b930 Thread added: 0x00000286ea07b930
Event: 0.274 Thread 0x00000286ea07af90 Thread added: 0x00000286ea07af90
Event: 0.275 Loaded shared library C:\Program Files\Java\jdk-18.0.1.1\bin\verify.dll
Event: 0.284 Loaded shared library C:\Program Files\Java\jdk-18.0.1.1\bin\net.dll
Event: 0.286 Loaded shared library C:\Program Files\Java\jdk-18.0.1.1\bin\nio.dll
Event: 0.292 Loaded shared library C:\Program Files\Java\jdk-18.0.1.1\bin\zip.dll
Event: 0.463 Loaded shared library C:\Program Files\Java\jdk-18.0.1.1\bin\jimage.dll
Event: 0.642 Loaded shared library C:\Program Files\Java\jdk-18.0.1.1\bin\sunmscapi.dll


Dynamic libraries:
0x00007ff797ef0000 - 0x00007ff797f00000 	C:\Program Files\Java\jdk-18.0.1.1\bin\javaw.exe
0x00007ffbd02f0000 - 0x00007ffbd04e5000 	C:\WINDOWS\SYSTEM32\ntdll.dll
0x00007ffbcec30000 - 0x00007ffbceced000 	C:\WINDOWS\System32\KERNEL32.DLL
0x00007ffbcdfa0000 - 0x00007ffbce268000 	C:\WINDOWS\System32\KERNELBASE.dll
0x00007ffbcddf0000 - 0x00007ffbcdef0000 	C:\WINDOWS\System32\ucrtbase.dll
0x00007ffbcace0000 - 0x00007ffbcacf8000 	C:\Program Files\Java\jdk-18.0.1.1\bin\jli.dll
0x00007ffbc5ac0000 - 0x00007ffbc5ada000 	C:\Program Files\Java\jdk-18.0.1.1\bin\VCRUNTIME140.dll
0x00007ffbcf210000 - 0x00007ffbcf2bc000 	C:\WINDOWS\System32\ADVAPI32.dll
0x00007ffbcf3f0000 - 0x00007ffbcf48e000 	C:\WINDOWS\System32\msvcrt.dll
0x00007ffbce820000 - 0x00007ffbce8bb000 	C:\WINDOWS\System32\sechost.dll
0x00007ffbce920000 - 0x00007ffbcea4b000 	C:\WINDOWS\System32\RPCRT4.dll
0x00007ffbd00b0000 - 0x00007ffbd0250000 	C:\WINDOWS\System32\USER32.dll
0x00007ffbbdec0000 - 0x00007ffbbe15a000 	C:\WINDOWS\WinSxS\amd64_microsoft.windows.common-controls_6595b64144ccf1df_6.0.19041.844_none_ca00b6081b84eb1d\COMCTL32.dll
0x00007ffbce270000 - 0x00007ffbce292000 	C:\WINDOWS\System32\win32u.dll
0x00007ffbce7e0000 - 0x00007ffbce80a000 	C:\WINDOWS\System32\GDI32.dll
0x00007ffbcda30000 - 0x00007ffbcdb3b000 	C:\WINDOWS\System32\gdi32full.dll
0x00007ffbcdd50000 - 0x00007ffbcdded000 	C:\WINDOWS\System32\msvcp_win.dll
0x00007ffbc8490000 - 0x00007ffbc849a000 	C:\WINDOWS\SYSTEM32\VERSION.dll
0x00007ffbceb30000 - 0x00007ffbceb60000 	C:\WINDOWS\System32\IMM32.DLL
0x00007ffbcb260000 - 0x00007ffbcb26c000 	C:\Program Files\Java\jdk-18.0.1.1\bin\vcruntime140_1.dll
0x00007ffbaa0d0000 - 0x00007ffbaa15d000 	C:\Program Files\Java\jdk-18.0.1.1\bin\msvcp140.dll
0x00007ffb7b860000 - 0x00007ffb7c470000 	C:\Program Files\Java\jdk-18.0.1.1\bin\server\jvm.dll
0x00007ffbcea50000 - 0x00007ffbcea58000 	C:\WINDOWS\System32\PSAPI.DLL
0x00007ffbc1cd0000 - 0x00007ffbc1cf7000 	C:\WINDOWS\SYSTEM32\WINMM.dll
0x00007ffbc8810000 - 0x00007ffbc8819000 	C:\WINDOWS\SYSTEM32\WSOCK32.dll
0x00007ffbceac0000 - 0x00007ffbceb2b000 	C:\WINDOWS\System32\WS2_32.dll
0x00007ffbcb980000 - 0x00007ffbcb992000 	C:\WINDOWS\SYSTEM32\kernel.appcore.dll
0x00007ffbc73a0000 - 0x00007ffbc73aa000 	C:\Program Files\Java\jdk-18.0.1.1\bin\jimage.dll
0x00007ffbc2150000 - 0x00007ffbc2334000 	C:\WINDOWS\SYSTEM32\DBGHELP.DLL
0x00007ffbc0730000 - 0x00007ffbc075c000 	C:\WINDOWS\SYSTEM32\dbgcore.DLL
0x00007ffbcdca0000 - 0x00007ffbcdd20000 	C:\WINDOWS\System32\bcryptPrimitives.dll
0x00007ffbc0360000 - 0x00007ffbc0385000 	C:\Program Files\Java\jdk-18.0.1.1\bin\java.dll
0x00007ffbb5330000 - 0x00007ffbb5406000 	C:\Program Files\Java\jdk-18.0.1.1\bin\jsvml.dll
0x00007ffbcf860000 - 0x00007ffbcffa2000 	C:\WINDOWS\System32\SHELL32.dll
0x00007ffbcbb80000 - 0x00007ffbcc310000 	C:\WINDOWS\SYSTEM32\windows.storage.dll
0x00007ffbcf500000 - 0x00007ffbcf855000 	C:\WINDOWS\System32\combase.dll
0x00007ffbcd4a0000 - 0x00007ffbcd4cc000 	C:\WINDOWS\SYSTEM32\Wldp.dll
0x00007ffbcecf0000 - 0x00007ffbced9e000 	C:\WINDOWS\System32\SHCORE.dll
0x00007ffbce8c0000 - 0x00007ffbce915000 	C:\WINDOWS\System32\shlwapi.dll
0x00007ffbcd970000 - 0x00007ffbcd98f000 	C:\WINDOWS\SYSTEM32\profapi.dll
0x00007ffbc4650000 - 0x00007ffbc4660000 	C:\Program Files\Java\jdk-18.0.1.1\bin\verify.dll
0x00007ffbc0300000 - 0x00007ffbc0313000 	C:\Program Files\Java\jdk-18.0.1.1\bin\net.dll
0x00007ffbc23f0000 - 0x00007ffbc24fb000 	C:\WINDOWS\SYSTEM32\WINHTTP.dll
0x00007ffbcd210000 - 0x00007ffbcd27a000 	C:\WINDOWS\system32\mswsock.dll
0x00007ffbbe790000 - 0x00007ffbbe7a6000 	C:\Program Files\Java\jdk-18.0.1.1\bin\nio.dll
0x00007ffbba9f0000 - 0x00007ffbbaa08000 	C:\Program Files\Java\jdk-18.0.1.1\bin\zip.dll
0x00007ffbc05e0000 - 0x00007ffbc05ee000 	C:\Program Files\Java\jdk-18.0.1.1\bin\sunmscapi.dll
0x00007ffbcdb40000 - 0x00007ffbcdc9f000 	C:\WINDOWS\System32\CRYPT32.dll
0x00007ffbcd510000 - 0x00007ffbcd537000 	C:\WINDOWS\SYSTEM32\ncrypt.dll
0x00007ffbcd4d0000 - 0x00007ffbcd50b000 	C:\WINDOWS\SYSTEM32\NTASN1.dll

dbghelp: loaded successfully - version: 4.0.5 - missing functions: none
symbol engine: initialized successfully - sym options: 0x614 - pdb path: .;C:\Program Files\Java\jdk-18.0.1.1\bin;C:\WINDOWS\SYSTEM32;C:\WINDOWS\WinSxS\amd64_microsoft.windows.common-controls_6595b64144ccf1df_6.0.19041.844_none_ca00b6081b84eb1d;C:\Program Files\Java\jdk-18.0.1.1\bin\server

VM Arguments:
jvm_args: -Dfile.encoding=UTF-8 -XX:+ShowCodeDetailsInExceptionMessages 
java_command: test_package.action
java_class_path (initial): C:\Users\Technomech\eclipse-workspace\Revolution_bug_spoteer\target\test-classes;C:\Users\Technomech\eclipse-workspace\Revolution_bug_spoteer\target\classes;C:\Users\Technomech\.m2\repository\org\seleniumhq\selenium\selenium-java\4.4.0\selenium-java-4.4.0.jar;C:\Users\Technomech\.m2\repository\org\seleniumhq\selenium\selenium-api\4.4.0\selenium-api-4.4.0.jar;C:\Users\Technomech\.m2\repository\org\seleniumhq\selenium\selenium-chrome-driver\4.4.0\selenium-chrome-driver-4.4.0.jar;C:\Users\Technomech\.m2\repository\com\google\auto\service\auto-service-annotations\1.0.1\auto-service-annotations-1.0.1.jar;C:\Users\Technomech\.m2\repository\com\google\auto\service\auto-service\1.0.1\auto-service-1.0.1.jar;C:\Users\Technomech\.m2\repository\com\google\auto\auto-common\1.2\auto-common-1.2.jar;C:\Users\Technomech\.m2\repository\com\google\guava\guava\31.1-jre\guava-31.1-jre.jar;C:\Users\Technomech\.m2\repository\com\google\guava\failureaccess\1.0.1\failureaccess-1.0.1.jar;C:\Users\Technomech\.m2\repository\com\google\guava\listenablefuture\9999.0-empty-to-avoid-conflict-with-guava\listenablefuture-9999.0-empty-to-avoid-conflict-with-guava.jar;C:\Users\Technomech\.m2\repository\com\google\code\findbugs\jsr305\3.0.2\jsr305-3.0.2.jar;C:\Users\Technomech\.m2\repository\org\checkerframework\checker-qual\3.12.0\checker-qual-3.12.0.jar;C:\Users\Technomech\.m2\repository\com\google\errorprone\error_prone_annotations\2.11.0\error_prone_annotations-2.11.0.jar;C:\Users\Technomech\.m2\repository\com\google\j2objc\j2objc-annotations\1.3\j2objc-annotations-1.3.jar;C:\Users\Technomech\.m2\repository\org\seleniumhq\selenium\selenium-chromium-driver\4.4.0\selenium-chromium-driver-4.4.0.jar;C:\Users\Technomech\.m2\repository\org\seleniumhq\selenium\selenium-json\4.4.0\selenium-json-4.4.0.jar;C:\Users\Technomech\.m2\repository\org\seleniumhq\selenium\selenium-devtools-v102\4.4.0\selenium-devtools-v102-4.4.0.jar;C:\Users\Technomech\.m2\repository\org\seleniumhq\selenium\selenium-devtools-v103\4.4.0\selenium-devtools-v103-4.4.0.jar;C:\Users\Technomech\.m2\repository\org\seleniumhq\selenium\selenium-devtools-v104\4.4.0\selenium-devtools-v104-4.4.0.jar;C:\Users\Technomech\.m2\repository\org\seleniumhq\selenium\selenium-devtools-v85\4.4.0\selenium-devtools-v85-4.4.0.jar;C:\Users\Technomech\.m2\repository\org\seleniumhq\selenium\selenium-edge-driver\4.4.0\selenium-edge-driver-4.4.0.jar;C:\Users\Technomech\.m2\repository\org\seleniumhq\selenium\selenium-firefox-driver\4.4.0\selenium-firefox-driver-4.4.0.jar;C:\Users\Technomech\.m2\repository\org\seleniumhq\selenium\selenium-ie-driver\4.4.0\selenium-ie-driver-4.4.0.jar;C:\Users\Technomech\.m2\repository\org\seleniumhq\selenium\selenium-opera-driver\4.4.0\selenium-opera-driver-4.4.0.jar;C:\Users\Technomech\.m2\repository\org\seleniumhq\selenium\selenium-remote-driver\4.4.0\selenium-remote-driver-4.4.0.jar;C:\Users\Technomech\.m2\repository\com\beust\jcommander\1.82\jcommander-1.82.jar;C:\Users\Technomech\.m2\repository\io\netty\netty-buffer\4.1.78.Final\netty-buffer-4.1.78.Final.jar;C:\Users\Technomech\.m2\repository\io\netty\netty-codec-http\4.1.78.Final\netty-codec-http-4.1.78.Final.jar;C:\Users\Technomech\.m2\repository\io\netty\netty-codec\4.1.78.Final\netty-codec-4.1.78.Final.jar;C:\Users\Technomech\.m2\repository\io\netty\netty-handler\4.1.78.Final\netty-handler-4.1.78.Final.jar;C:\Users\Technomech\.m2\repository\io\netty\netty-common\4.1.78.Final\netty-common-4.1.78.Final.jar;C:\Users\Technomech\.m2\repository\io\netty\netty-transport-classes-epoll\4.1.78.Final\netty-transport-classes-epoll-4.1.78.Final.jar;C:\Users\Technomech\.m2\repository\io\netty\netty-transport-classes-kqueue\4.1.78.Final\netty-transport-classes-kqueue-4.1.78.Final.jar;C:\Users\Technomech\.m2\repository\io\netty\netty-transport-native-epoll\4.1.78.Final\netty-transport-native-epoll-4.1.78.Final.jar;C:\Users\Technomech\.m2\repository\io\netty\netty-transport-native-kqueue\4.1.78.Final\netty-transport-native-kqueue-4.1.78.Final.jar;C:\Users\Technomech\.m2\repository\io\netty\netty-transport-native-unix-common\4.1.78.Final\netty-transport-native-unix-common-4.1.78.Final.jar;C:\Users\Technomech\.m2\repository\io\netty\netty-transport\4.1.78.Final\netty-transport-4.1.78.Final.jar;C:\Users\Technomech\.m2\repository\io\netty\netty-resolver\4.1.78.Final\netty-resolver-4.1.78.Final.jar;C:\Users\Technomech\.m2\repository\io\opentelemetry\opentelemetry-api\1.16.0\opentelemetry-api-1.16.0.jar;C:\Users\Technomech\.m2\repository\io\opentelemetry\opentelemetry-context\1.16.0\opentelemetry-context-1.16.0.jar;C:\Users\Technomech\.m2\repository\io\opentelemetry\opentelemetry-exporter-logging\1.16.0\opentelemetry-exporter-logging-1.16.0.jar;C:\Users\Technomech\.m2\repository\io\opentelemetry\opentelemetry-sdk-metrics\1.16.0\opentelemetry-sdk-metrics-1.16.0.jar;C:\Users\Technomech\.m2\repository\io\opentelemetry\opentelemetry-sdk-logs\1.16.0-alpha\opentelemetry-sdk-logs-1.16.0-alpha.jar;C:\Users\Technomech\.m2\repository\io\opentelemetry\opentelemetry-sdk-common\1.16.0\opentelemetry-sdk-common-1.16.0.jar;C:\Users\Technomech\.m2\repository\io\opentelemetry\opentelemetry-sdk-extension-autoconfigure-spi\1.16.0\opentelemetry-sdk-extension-autoconfigure-spi-1.16.0.jar;C:\Users\Technomech\.m2\repository\io\opentelemetry\opentelemetry-sdk-extension-autoconfigure\1.16.0-alpha\opentelemetry-sdk-extension-autoconfigure-1.16.0-alpha.jar;C:\Users\Technomech\.m2\repository\io\opentelemetry\opentelemetry-sdk-trace\1.16.0\opentelemetry-sdk-trace-1.16.0.jar;C:\Users\Technomech\.m2\repository\io\opentelemetry\opentelemetry-sdk\1.16.0\opentelemetry-sdk-1.16.0.jar;C:\Users\Technomech\.m2\repository\io\opentelemetry\opentelemetry-semconv\1.16.0-alpha\opentelemetry-semconv-1.16.0-alpha.jar;C:\Users\Technomech\.m2\repository\io\ous\jtoml\2.0.0\jtoml-2.0.0.jar;C:\Users\Technomech\.m2\repository\net\bytebuddy\byte-buddy\1.12.10\byte-buddy-1.12.10.jar;C:\Users\Technomech\.m2\repository\org\apache\commons\commons-exec\1.3\commons-exec-1.3.jar;C:\Users\Technomech\.m2\repository\org\asynchttpclient\async-http-client\2.12.3\async-http-client-2.12.3.jar;C:\Users\Technomech\.m2\repository\org\asynchttpclient\async-http-client-netty-utils\2.12.3\async-http-client-netty-utils-2.12.3.jar;C:\Users\Technomech\.m2\repository\io\netty\netty-codec-socks\4.1.60.Final\netty-codec-socks-4.1.60.Final.jar;C:\Users\Technomech\.m2\repository\io\netty\netty-handler-proxy\4.1.60.Final\netty-handler-proxy-4.1.60.Final.jar;C:\Users\Technomech\.m2\repository\io\netty\netty-transport-native-epoll\4.1.60.Final\netty-transport-native-epoll-4.1.60.Final-linux-x86_64.jar;C:\Users\Technomech\.m2\repository\io\netty\netty-transport-native-kqueue\4.1.60.Final\netty-transport-native-kqueue-4.1.60.Final-osx-x86_64.jar;C:\Users\Technomech\.m2\repository\org\reactivestreams\reactive-streams\1.0.3\reactive-streams-1.0.3.jar;C:\Users\Technomech\.m2\repository\com\typesafe\netty\netty-reactive-streams\2.0.4\netty-reactive-streams-2.0.4.jar;C:\Users\Technomech\.m2\repository\com\sun\activation\jakarta.activation\1.2.2\jakarta.activation-1.2.2.jar;C:\Users\Technomech\.m2\repository\org\seleniumhq\selenium\selenium-http\4.4.0\selenium-http-4.4.0.jar;C:\Users\Technomech\.m2\repository\dev\failsafe\failsafe\3.2.4\failsafe-3.2.4.jar;C:\Users\Technomech\.m2\repository\org\seleniumhq\selenium\selenium-safari-driver\4.4.0\selenium-safari-driver-4.4.0.jar;C:\Users\Technomech\.m2\repository\org\seleniumhq\selenium\selenium-support\4.4.0\selenium-support-4.4.0.jar;C:\Users\Technomech\.m2\repository\io\github\bonigarcia\webdrivermanager\5.3.0\webdrivermanager-5.3.0.jar;C:\Users\Technomech\.m2\repository\org\slf4j\slf4j-api\1.7.36\slf4j-api-1.7.36.jar;C:\Users\Technomech\.m2\repository\com\google\code\gson\gson\2.9.1\gson-2.9.1.jar;C:\Users\Technomech\.m2\repository\com\github\docker-java\docker-java\3.2.13\docker-java-3.2.13.jar;C:\Users\Technomech\.m2\repository\com\github\docker-java\docker-java-core\3.2.13\docker-java-core-3.2.13.jar;C:\Users\Technomech\.m2\repository\com\github\docker-java\docker-java-api\3.2.13\docker-java-api-3.2.13.jar;C:\Users\Technomech\.m2\repository\com\fasterxml\jackson\core\jackson-annotations\2.10.3\jackson-annotations-2.10.3.jar;C:\Users\Technomech\.m2\repository\commons-io\commons-io\2.6\commons-io-2.6.jar;C:\Users\Technomech\.m2\repository\org\apache\commons\commons-compress\1.21\commons-compress-1.21.jar;C:\Users\Technomech\.m2\repository\com\fasterxml\jackson\core\jackson-databind\2.10.3\jackson-databind-2.10.3.jar;C:\Users\Technomech\.m2\repository\com\fasterxml\jackson\core\jackson-core\2.10.3\jackson-core-2.10.3.jar;C:\Users\Technomech\.m2\repository\org\bouncycastle\bcpkix-jdk15on\1.64\bcpkix-jdk15on-1.64.jar;C:\Users\Technomech\.m2\repository\org\bouncycastle\bcprov-jdk15on\1.64\bcprov-jdk15on-1.64.jar;C:\Users\Technomech\.m2\repository\org\slf4j\jcl-over-slf4j\1.7.30\jcl-over-slf4j-1.7.30.jar;C:\Users\Technomech\.m2\repository\com\github\docker-java\docker-java-transport-httpclient5\3.2.13\docker-java-transport-httpclient5-3.2.13.jar;C:\Users\Technomech\.m2\repository\com\github\docker-java\docker-java-transport\3.2.13\docker-java-transport-3.2.13.jar;C:\Users\Technomech\.m2\repository\net\java\dev\jna\jna\5.8.0\jna-5.8.0.jar;C:\Users\Technomech\.m2\repository\org\brotli\dec\0.1.2\dec-0.1.2.jar;C:\Users\Technomech\.m2\repository\org\apache\commons\commons-lang3\3.12.0\commons-lang3-3.12.0.jar;C:\Users\Technomech\.m2\repository\org\apache\httpcomponents\client5\httpclient5\5.1.3\httpclient5-5.1.3.jar;C:\Users\Technomech\.m2\repository\org\apache\httpcomponents\core5\httpcore5\5.1.3\httpcore5-5.1.3.jar;C:\Users\Technomech\.m2\repository\org\apache\httpcomponents\core5\httpcore5-h2\5.1.3\httpcore5-h2-5.1.3.jar;C:\Users\Technomech\.m2\repository\commons-codec\commons-codec\1.15\commons-codec-1.15.jar
Launcher Type: SUN_STANDARD

[Global flags]
     intx CICompilerCount                          = 3                                         {product} {ergonomic}
     uint ConcGCThreads                            = 1                                         {product} {ergonomic}
     uint G1ConcRefinementThreads                  = 4                                         {product} {ergonomic}
   size_t G1HeapRegionSize                         = 1048576                                   {product} {ergonomic}
    uintx GCDrainStackTargetSize                   = 64                                        {product} {ergonomic}
   size_t InitialHeapSize                          = 60817408                                  {product} {ergonomic}
   size_t MarkStackSize                            = 4194304                                   {product} {ergonomic}
   size_t MaxHeapSize                              = 970981376                                 {product} {ergonomic}
   size_t MaxNewSize                               = 581959680                                 {product} {ergonomic}
   size_t MinHeapDeltaBytes                        = 1048576                                   {product} {ergonomic}
   size_t MinHeapSize                              = 8388608                                   {product} {ergonomic}
    uintx NonNMethodCodeHeapSize                   = 5832780                                {pd product} {ergonomic}
    uintx NonProfiledCodeHeapSize                  = 122912730                              {pd product} {ergonomic}
    uintx ProfiledCodeHeapSize                     = 122912730                              {pd product} {ergonomic}
    uintx ReservedCodeCacheSize                    = 251658240                              {pd product} {ergonomic}
     bool SegmentedCodeCache                       = true                                      {product} {ergonomic}
     bool ShowCodeDetailsInExceptionMessages       = true                                   {manageable} {command line}
   size_t SoftMaxHeapSize                          = 970981376                              {manageable} {ergonomic}
     bool UseCompressedClassPointers               = true                           {product lp64_product} {ergonomic}
     bool UseCompressedOops                        = true                           {product lp64_product} {ergonomic}
     bool UseG1GC                                  = true                                      {product} {ergonomic}
     bool UseLargePagesIndividualAllocation        = false                                  {pd product} {ergonomic}

Logging:
Log output configuration:
 #0: stdout all=warning uptime,level,tags foldmultilines=false
 #1: stderr all=off uptime,level,tags foldmultilines=false

Environment Variables:
JAVA_HOME=C:\Program Files\Java\jdk-18.0.1.1\
PATH=C:/Program Files/Java/jdk-18.0.1.1/bin/server;C:/Program Files/Java/jdk-18.0.1.1/bin;C:\oraclexe\app\oracle\product\11.2.0\server\bin;;C:\Program Files\Common Files\Oracle\Java\javapath;C:\Program Files\AdoptOpenJDK\jdk-8.0.282.8-openj9\bin;C:\Program Files\Microsoft\jdk-17.0.3.7-hotspot\bin;C:\Program Files (x86)\Java\jre1.8.0_331\bin;C:\Program Files\Java\jdk-18.0.1.1\bin;C:\Program Files\Java\jdk-18.0.1.1\bin;C:\Program Files\Java\jdk-18.0.2\bin;C:\Program Files\Java\jdk-18.0.2\bin;C:\Users\Technomech\AppData\Local\Microsoft\WindowsApps;;C:\Users\Technomech\AppData\Local\Programs\Microsoft VS Code\bin;C:\Users\Technomech\Desktop;
USERNAME=Technomech
OS=Windows_NT
PROCESSOR_IDENTIFIER=Intel64 Family 6 Model 42 Stepping 7, GenuineIntel



---------------  S Y S T E M  ---------------

OS:
 Windows 10 , 64 bit Build 19041 (10.0.19041.928)
OS uptime: 7 days 21:59 hours

CPU: total 4 (initial active 4) (2 cores per cpu, 2 threads per core) family 6 model 42 stepping 7 microcode 0x2f, cx8, cmov, fxsr, ht, mmx, sse, sse2, sse3, ssse3, sse4.1, sse4.2, popcnt, tsc, tscinvbit, avx, aes, clmul, vzeroupper, clflush

Memory: 4k page, system-wide physical 3696M (358M free)
TotalPageFile size 9716M (AvailPageFile size 2M)
current process WorkingSet (physical memory assigned to process): 61M, peak: 61M
current process commit charge ("private bytes"): 139M, peak: 139M

vm_info: Java HotSpot(TM) 64-Bit Server VM (18.0.1.1+2-6) for windows-amd64 JRE (18.0.1.1+2-6), built on Apr 25 2022 21:53:15 by "mach5one" with MS VC++ 16.8 / 16.9 (VS2019)

END.
